CRITICAL - 2022-10-15 03:14:23 --> Undefined variable: title
in APPPATH\Views\computer.php on line 4.
 1 APPPATH\Views\computer.php(4): CodeIgniter\Debug\Exceptions->errorHandler(8, 'Undefined variable: title', 'APPPATH\\Views\\computer.php', 4, [])
 2 SYSTEMPATH\View\View.php(213): include('APPPATH\\Views\\computer.php')
 3 SYSTEMPATH\View\View.php(216): CodeIgniter\View\View->CodeIgniter\View\{closure}()
 4 SYSTEMPATH\Common.php(1142): CodeIgniter\View\View->render('computer', [], true)
 5 APPPATH\Controllers\Computer.php(26): view('computer')
 6 SYSTEMPATH\CodeIgniter.php(902): App\Controllers\Computer->create()
 7 SYSTEMPATH\CodeIgniter.php(457): CodeIgniter\CodeIgniter->runController(Object(App\Controllers\Computer))
 8 SYSTEMPATH\CodeIgniter.php(340): CodeIgniter\CodeIgniter->handleRequest(null, Object(Config\Cache), false)
 9 FCPATH\index.php(67): CodeIgniter\CodeIgniter->run()
10 SYSTEMPATH\Commands\Server\rewrite.php(46): require_once('FCPATH\\index.php')
CRITICAL - 2022-10-15 03:19:47 --> Call to undefined method CodeIgniter\View\View::getFlashdata()
in APPPATH\Views\computer.php on line 9.
 1 SYSTEMPATH\View\View.php(213): include()
 2 SYSTEMPATH\View\View.php(216): CodeIgniter\View\View->CodeIgniter\View\{closure}()
 3 SYSTEMPATH\Common.php(1142): CodeIgniter\View\View->render('computer', [], true)
 4 APPPATH\Controllers\Computer.php(16): view('computer', [...])
 5 SYSTEMPATH\CodeIgniter.php(902): App\Controllers\Computer->index()
 6 SYSTEMPATH\CodeIgniter.php(457): CodeIgniter\CodeIgniter->runController(Object(App\Controllers\Computer))
 7 SYSTEMPATH\CodeIgniter.php(340): CodeIgniter\CodeIgniter->handleRequest(null, Object(Config\Cache), false)
 8 FCPATH\index.php(67): CodeIgniter\CodeIgniter->run()
 9 SYSTEMPATH\Commands\Server\rewrite.php(46): require_once('FCPATH\\index.php')
CRITICAL - 2022-10-15 03:26:55 --> Call to undefined method CodeIgniter\View\View::getFlashdata()
in APPPATH\Views\computer.php on line 9.
 1 SYSTEMPATH\View\View.php(213): include()
 2 SYSTEMPATH\View\View.php(216): CodeIgniter\View\View->CodeIgniter\View\{closure}()
 3 SYSTEMPATH\Common.php(1142): CodeIgniter\View\View->render('computer', [], true)
 4 APPPATH\Controllers\Computer.php(16): view('computer', [...])
 5 SYSTEMPATH\CodeIgniter.php(902): App\Controllers\Computer->index()
 6 SYSTEMPATH\CodeIgniter.php(457): CodeIgniter\CodeIgniter->runController(Object(App\Controllers\Computer))
 7 SYSTEMPATH\CodeIgniter.php(340): CodeIgniter\CodeIgniter->handleRequest(null, Object(Config\Cache), false)
 8 FCPATH\index.php(67): CodeIgniter\CodeIgniter->run()
 9 SYSTEMPATH\Commands\Server\rewrite.php(46): require_once('FCPATH\\index.php')
CRITICAL - 2022-10-15 03:27:49 --> Call to undefined method CodeIgniter\View\View::session()
in APPPATH\Views\computer.php on line 9.
 1 SYSTEMPATH\View\View.php(213): include()
 2 SYSTEMPATH\View\View.php(216): CodeIgniter\View\View->CodeIgniter\View\{closure}()
 3 SYSTEMPATH\Common.php(1142): CodeIgniter\View\View->render('computer', [], true)
 4 APPPATH\Controllers\Computer.php(16): view('computer', [...])
 5 SYSTEMPATH\CodeIgniter.php(902): App\Controllers\Computer->index()
 6 SYSTEMPATH\CodeIgniter.php(457): CodeIgniter\CodeIgniter->runController(Object(App\Controllers\Computer))
 7 SYSTEMPATH\CodeIgniter.php(340): CodeIgniter\CodeIgniter->handleRequest(null, Object(Config\Cache), false)
 8 FCPATH\index.php(67): CodeIgniter\CodeIgniter->run()
 9 SYSTEMPATH\Commands\Server\rewrite.php(46): require_once('FCPATH\\index.php')
CRITICAL - 2022-10-15 03:28:36 --> Undefined variable: session
in APPPATH\Views\computer.php on line 9.
 1 APPPATH\Views\computer.php(9): CodeIgniter\Debug\Exceptions->errorHandler(8, 'Undefined variable: session', 'APPPATH\\Views\\computer.php', 9, [...])
 2 SYSTEMPATH\View\View.php(213): include('APPPATH\\Views\\computer.php')
 3 SYSTEMPATH\View\View.php(216): CodeIgniter\View\View->CodeIgniter\View\{closure}()
 4 SYSTEMPATH\Common.php(1142): CodeIgniter\View\View->render('computer', [], true)
 5 APPPATH\Controllers\Computer.php(16): view('computer', [...])
 6 SYSTEMPATH\CodeIgniter.php(902): App\Controllers\Computer->index()
 7 SYSTEMPATH\CodeIgniter.php(457): CodeIgniter\CodeIgniter->runController(Object(App\Controllers\Computer))
 8 SYSTEMPATH\CodeIgniter.php(340): CodeIgniter\CodeIgniter->handleRequest(null, Object(Config\Cache), false)
 9 FCPATH\index.php(67): CodeIgniter\CodeIgniter->run()
10 SYSTEMPATH\Commands\Server\rewrite.php(46): require_once('FCPATH\\index.php')
CRITICAL - 2022-10-15 03:30:31 --> Call to undefined method CodeIgniter\View\View::session()
in APPPATH\Views\computer.php on line 9.
 1 SYSTEMPATH\View\View.php(213): include()
 2 SYSTEMPATH\View\View.php(216): CodeIgniter\View\View->CodeIgniter\View\{closure}()
 3 SYSTEMPATH\Common.php(1142): CodeIgniter\View\View->render('computer', [], true)
 4 APPPATH\Controllers\Computer.php(16): view('computer', [...])
 5 SYSTEMPATH\CodeIgniter.php(902): App\Controllers\Computer->index()
 6 SYSTEMPATH\CodeIgniter.php(457): CodeIgniter\CodeIgniter->runController(Object(App\Controllers\Computer))
 7 SYSTEMPATH\CodeIgniter.php(340): CodeIgniter\CodeIgniter->handleRequest(null, Object(Config\Cache), false)
 8 FCPATH\index.php(67): CodeIgniter\CodeIgniter->run()
 9 SYSTEMPATH\Commands\Server\rewrite.php(46): require_once('FCPATH\\index.php')
CRITICAL - 2022-10-15 03:32:17 --> Undefined variable: session
in APPPATH\Views\computer.php on line 9.
 1 APPPATH\Views\computer.php(9): CodeIgniter\Debug\Exceptions->errorHandler(8, 'Undefined variable: session', 'APPPATH\\Views\\computer.php', 9, [...])
 2 SYSTEMPATH\View\View.php(213): include('APPPATH\\Views\\computer.php')
 3 SYSTEMPATH\View\View.php(216): CodeIgniter\View\View->CodeIgniter\View\{closure}()
 4 SYSTEMPATH\Common.php(1142): CodeIgniter\View\View->render('computer', [], true)
 5 APPPATH\Controllers\Computer.php(16): view('computer', [...])
 6 SYSTEMPATH\CodeIgniter.php(902): App\Controllers\Computer->index()
 7 SYSTEMPATH\CodeIgniter.php(457): CodeIgniter\CodeIgniter->runController(Object(App\Controllers\Computer))
 8 SYSTEMPATH\CodeIgniter.php(340): CodeIgniter\CodeIgniter->handleRequest(null, Object(Config\Cache), false)
 9 FCPATH\index.php(67): CodeIgniter\CodeIgniter->run()
10 SYSTEMPATH\Commands\Server\rewrite.php(46): require_once('FCPATH\\index.php')
CRITICAL - 2022-10-15 04:22:31 --> Undefined variable: validation
in APPPATH\Views\templates\modal.php on line 37.
 1 APPPATH\Views\templates\modal.php(37): CodeIgniter\Debug\Exceptions->errorHandler(8, 'Undefined variable: validation', 'APPPATH\\Views\\templates\\modal.php', 37, [...])
 2 SYSTEMPATH\View\View.php(213): include('APPPATH\\Views\\templates\\modal.php')
 3 SYSTEMPATH\View\View.php(216): CodeIgniter\View\View->CodeIgniter\View\{closure}()
 4 SYSTEMPATH\View\View.php(429): CodeIgniter\View\View->render('templates/modal', null, true)
 5 APPPATH\Views\templates\layout.php(146): CodeIgniter\View\View->include('templates/modal')
 6 SYSTEMPATH\View\View.php(213): include('APPPATH\\Views\\templates\\layout.php')
 7 SYSTEMPATH\View\View.php(216): CodeIgniter\View\View->CodeIgniter\View\{closure}()
 8 SYSTEMPATH\View\View.php(229): CodeIgniter\View\View->render('templates/layout', [], true)
 9 SYSTEMPATH\Common.php(1142): CodeIgniter\View\View->render('computer/index', [], true)
10 APPPATH\Controllers\Computer.php(16): view('computer/index', [...])
11 SYSTEMPATH\CodeIgniter.php(902): App\Controllers\Computer->index()
12 SYSTEMPATH\CodeIgniter.php(457): CodeIgniter\CodeIgniter->runController(Object(App\Controllers\Computer))
13 SYSTEMPATH\CodeIgniter.php(340): CodeIgniter\CodeIgniter->handleRequest(null, Object(Config\Cache), false)
14 FCPATH\index.php(67): CodeIgniter\CodeIgniter->run()
15 SYSTEMPATH\Commands\Server\rewrite.php(46): require_once('FCPATH\\index.php')
CRITICAL - 2022-10-15 04:22:58 --> Undefined variable: validation
in APPPATH\Views\templates\modal.php on line 37.
 1 APPPATH\Views\templates\modal.php(37): CodeIgniter\Debug\Exceptions->errorHandler(8, 'Undefined variable: validation', 'APPPATH\\Views\\templates\\modal.php', 37, [...])
 2 SYSTEMPATH\View\View.php(213): include('APPPATH\\Views\\templates\\modal.php')
 3 SYSTEMPATH\View\View.php(216): CodeIgniter\View\View->CodeIgniter\View\{closure}()
 4 SYSTEMPATH\View\View.php(429): CodeIgniter\View\View->render('templates/modal', null, true)
 5 APPPATH\Views\templates\layout.php(146): CodeIgniter\View\View->include('templates/modal')
 6 SYSTEMPATH\View\View.php(213): include('APPPATH\\Views\\templates\\layout.php')
 7 SYSTEMPATH\View\View.php(216): CodeIgniter\View\View->CodeIgniter\View\{closure}()
 8 SYSTEMPATH\View\View.php(229): CodeIgniter\View\View->render('templates/layout', [], true)
 9 SYSTEMPATH\Common.php(1142): CodeIgniter\View\View->render('computer/index', [], true)
10 APPPATH\Controllers\Computer.php(16): view('computer/index', [...])
11 SYSTEMPATH\CodeIgniter.php(902): App\Controllers\Computer->index()
12 SYSTEMPATH\CodeIgniter.php(457): CodeIgniter\CodeIgniter->runController(Object(App\Controllers\Computer))
13 SYSTEMPATH\CodeIgniter.php(340): CodeIgniter\CodeIgniter->handleRequest(null, Object(Config\Cache), false)
14 FCPATH\index.php(67): CodeIgniter\CodeIgniter->run()
15 SYSTEMPATH\Commands\Server\rewrite.php(46): require_once('FCPATH\\index.php')
CRITICAL - 2022-10-15 04:23:49 --> Undefined variable: validation
in APPPATH\Views\templates\modal.php on line 37.
 1 APPPATH\Views\templates\modal.php(37): CodeIgniter\Debug\Exceptions->errorHandler(8, 'Undefined variable: validation', 'APPPATH\\Views\\templates\\modal.php', 37, [...])
 2 SYSTEMPATH\View\View.php(213): include('APPPATH\\Views\\templates\\modal.php')
 3 SYSTEMPATH\View\View.php(216): CodeIgniter\View\View->CodeIgniter\View\{closure}()
 4 SYSTEMPATH\View\View.php(429): CodeIgniter\View\View->render('templates/modal', null, true)
 5 APPPATH\Views\templates\layout.php(146): CodeIgniter\View\View->include('templates/modal')
 6 SYSTEMPATH\View\View.php(213): include('APPPATH\\Views\\templates\\layout.php')
 7 SYSTEMPATH\View\View.php(216): CodeIgniter\View\View->CodeIgniter\View\{closure}()
 8 SYSTEMPATH\View\View.php(229): CodeIgniter\View\View->render('templates/layout', [], true)
 9 SYSTEMPATH\Common.php(1142): CodeIgniter\View\View->render('computer/index', [], true)
10 APPPATH\Controllers\Computer.php(16): view('computer/index', [...])
11 SYSTEMPATH\CodeIgniter.php(902): App\Controllers\Computer->index()
12 SYSTEMPATH\CodeIgniter.php(457): CodeIgniter\CodeIgniter->runController(Object(App\Controllers\Computer))
13 SYSTEMPATH\CodeIgniter.php(340): CodeIgniter\CodeIgniter->handleRequest(null, Object(Config\Cache), false)
14 FCPATH\index.php(67): CodeIgniter\CodeIgniter->run()
15 SYSTEMPATH\Commands\Server\rewrite.php(46): require_once('FCPATH\\index.php')
CRITICAL - 2022-10-15 04:23:53 --> Undefined variable: validation
in APPPATH\Views\templates\modal.php on line 37.
 1 APPPATH\Views\templates\modal.php(37): CodeIgniter\Debug\Exceptions->errorHandler(8, 'Undefined variable: validation', 'APPPATH\\Views\\templates\\modal.php', 37, [...])
 2 SYSTEMPATH\View\View.php(213): include('APPPATH\\Views\\templates\\modal.php')
 3 SYSTEMPATH\View\View.php(216): CodeIgniter\View\View->CodeIgniter\View\{closure}()
 4 SYSTEMPATH\View\View.php(429): CodeIgniter\View\View->render('templates/modal', null, true)
 5 APPPATH\Views\templates\layout.php(146): CodeIgniter\View\View->include('templates/modal')
 6 SYSTEMPATH\View\View.php(213): include('APPPATH\\Views\\templates\\layout.php')
 7 SYSTEMPATH\View\View.php(216): CodeIgniter\View\View->CodeIgniter\View\{closure}()
 8 SYSTEMPATH\View\View.php(229): CodeIgniter\View\View->render('templates/layout', [], true)
 9 SYSTEMPATH\Common.php(1142): CodeIgniter\View\View->render('computer/index', [], true)
10 APPPATH\Controllers\Computer.php(16): view('computer/index', [...])
11 SYSTEMPATH\CodeIgniter.php(902): App\Controllers\Computer->index()
12 SYSTEMPATH\CodeIgniter.php(457): CodeIgniter\CodeIgniter->runController(Object(App\Controllers\Computer))
13 SYSTEMPATH\CodeIgniter.php(340): CodeIgniter\CodeIgniter->handleRequest(null, Object(Config\Cache), false)
14 FCPATH\index.php(67): CodeIgniter\CodeIgniter->run()
15 SYSTEMPATH\Commands\Server\rewrite.php(46): require_once('FCPATH\\index.php')
CRITICAL - 2022-10-15 04:25:31 --> Undefined variable: validation
in APPPATH\Views\templates\modal.php on line 37.
 1 APPPATH\Views\templates\modal.php(37): CodeIgniter\Debug\Exceptions->errorHandler(8, 'Undefined variable: validation', 'APPPATH\\Views\\templates\\modal.php', 37, [...])
 2 SYSTEMPATH\View\View.php(213): include('APPPATH\\Views\\templates\\modal.php')
 3 SYSTEMPATH\View\View.php(216): CodeIgniter\View\View->CodeIgniter\View\{closure}()
 4 SYSTEMPATH\View\View.php(429): CodeIgniter\View\View->render('templates/modal', null, true)
 5 APPPATH\Views\templates\layout.php(146): CodeIgniter\View\View->include('templates/modal')
 6 SYSTEMPATH\View\View.php(213): include('APPPATH\\Views\\templates\\layout.php')
 7 SYSTEMPATH\View\View.php(216): CodeIgniter\View\View->CodeIgniter\View\{closure}()
 8 SYSTEMPATH\View\View.php(229): CodeIgniter\View\View->render('templates/layout', [], true)
 9 SYSTEMPATH\Common.php(1142): CodeIgniter\View\View->render('computer/index', [], true)
10 APPPATH\Controllers\Computer.php(16): view('computer/index', [...])
11 SYSTEMPATH\CodeIgniter.php(902): App\Controllers\Computer->index()
12 SYSTEMPATH\CodeIgniter.php(457): CodeIgniter\CodeIgniter->runController(Object(App\Controllers\Computer))
13 SYSTEMPATH\CodeIgniter.php(340): CodeIgniter\CodeIgniter->handleRequest(null, Object(Config\Cache), false)
14 FCPATH\index.php(67): CodeIgniter\CodeIgniter->run()
15 SYSTEMPATH\Commands\Server\rewrite.php(46): require_once('FCPATH\\index.php')
CRITICAL - 2022-10-15 04:25:45 --> Undefined variable: validation
in APPPATH\Views\templates\modal.php on line 37.
 1 APPPATH\Views\templates\modal.php(37): CodeIgniter\Debug\Exceptions->errorHandler(8, 'Undefined variable: validation', 'APPPATH\\Views\\templates\\modal.php', 37, [...])
 2 SYSTEMPATH\View\View.php(213): include('APPPATH\\Views\\templates\\modal.php')
 3 SYSTEMPATH\View\View.php(216): CodeIgniter\View\View->CodeIgniter\View\{closure}()
 4 SYSTEMPATH\View\View.php(429): CodeIgniter\View\View->render('templates/modal', null, true)
 5 APPPATH\Views\templates\layout.php(146): CodeIgniter\View\View->include('templates/modal')
 6 SYSTEMPATH\View\View.php(213): include('APPPATH\\Views\\templates\\layout.php')
 7 SYSTEMPATH\View\View.php(216): CodeIgniter\View\View->CodeIgniter\View\{closure}()
 8 SYSTEMPATH\View\View.php(229): CodeIgniter\View\View->render('templates/layout', [], true)
 9 SYSTEMPATH\Common.php(1142): CodeIgniter\View\View->render('computer/index', [], true)
10 APPPATH\Controllers\Computer.php(16): view('computer/index', [...])
11 SYSTEMPATH\CodeIgniter.php(902): App\Controllers\Computer->index()
12 SYSTEMPATH\CodeIgniter.php(457): CodeIgniter\CodeIgniter->runController(Object(App\Controllers\Computer))
13 SYSTEMPATH\CodeIgniter.php(340): CodeIgniter\CodeIgniter->handleRequest(null, Object(Config\Cache), false)
14 FCPATH\index.php(67): CodeIgniter\CodeIgniter->run()
15 SYSTEMPATH\Commands\Server\rewrite.php(46): require_once('FCPATH\\index.php')
CRITICAL - 2022-10-15 04:26:35 --> Undefined variable: validation
in APPPATH\Views\templates\modal.php on line 37.
 1 APPPATH\Views\templates\modal.php(37): CodeIgniter\Debug\Exceptions->errorHandler(8, 'Undefined variable: validation', 'APPPATH\\Views\\templates\\modal.php', 37, [...])
 2 SYSTEMPATH\View\View.php(213): include('APPPATH\\Views\\templates\\modal.php')
 3 SYSTEMPATH\View\View.php(216): CodeIgniter\View\View->CodeIgniter\View\{closure}()
 4 SYSTEMPATH\View\View.php(429): CodeIgniter\View\View->render('templates/modal', null, true)
 5 APPPATH\Views\templates\layout.php(146): CodeIgniter\View\View->include('templates/modal')
 6 SYSTEMPATH\View\View.php(213): include('APPPATH\\Views\\templates\\layout.php')
 7 SYSTEMPATH\View\View.php(216): CodeIgniter\View\View->CodeIgniter\View\{closure}()
 8 SYSTEMPATH\View\View.php(229): CodeIgniter\View\View->render('templates/layout', [], true)
 9 SYSTEMPATH\Common.php(1142): CodeIgniter\View\View->render('network', [], true)
10 APPPATH\Controllers\Network.php(12): view('network', [...])
11 SYSTEMPATH\CodeIgniter.php(902): App\Controllers\Network->index()
12 SYSTEMPATH\CodeIgniter.php(457): CodeIgniter\CodeIgniter->runController(Object(App\Controllers\Network))
13 SYSTEMPATH\CodeIgniter.php(340): CodeIgniter\CodeIgniter->handleRequest(null, Object(Config\Cache), false)
14 FCPATH\index.php(67): CodeIgniter\CodeIgniter->run()
15 SYSTEMPATH\Commands\Server\rewrite.php(46): require_once('FCPATH\\index.php')
CRITICAL - 2022-10-15 04:26:36 --> Undefined variable: validation
in APPPATH\Views\templates\modal.php on line 37.
 1 APPPATH\Views\templates\modal.php(37): CodeIgniter\Debug\Exceptions->errorHandler(8, 'Undefined variable: validation', 'APPPATH\\Views\\templates\\modal.php', 37, [...])
 2 SYSTEMPATH\View\View.php(213): include('APPPATH\\Views\\templates\\modal.php')
 3 SYSTEMPATH\View\View.php(216): CodeIgniter\View\View->CodeIgniter\View\{closure}()
 4 SYSTEMPATH\View\View.php(429): CodeIgniter\View\View->render('templates/modal', null, true)
 5 APPPATH\Views\templates\layout.php(146): CodeIgniter\View\View->include('templates/modal')
 6 SYSTEMPATH\View\View.php(213): include('APPPATH\\Views\\templates\\layout.php')
 7 SYSTEMPATH\View\View.php(216): CodeIgniter\View\View->CodeIgniter\View\{closure}()
 8 SYSTEMPATH\View\View.php(229): CodeIgniter\View\View->render('templates/layout', [], true)
 9 SYSTEMPATH\Common.php(1142): CodeIgniter\View\View->render('computer/index', [], true)
10 APPPATH\Controllers\Computer.php(16): view('computer/index', [...])
11 SYSTEMPATH\CodeIgniter.php(902): App\Controllers\Computer->index()
12 SYSTEMPATH\CodeIgniter.php(457): CodeIgniter\CodeIgniter->runController(Object(App\Controllers\Computer))
13 SYSTEMPATH\CodeIgniter.php(340): CodeIgniter\CodeIgniter->handleRequest(null, Object(Config\Cache), false)
14 FCPATH\index.php(67): CodeIgniter\CodeIgniter->run()
15 SYSTEMPATH\Commands\Server\rewrite.php(46): require_once('FCPATH\\index.php')
CRITICAL - 2022-10-15 04:26:41 --> Undefined variable: validation
in APPPATH\Views\templates\modal.php on line 37.
 1 APPPATH\Views\templates\modal.php(37): CodeIgniter\Debug\Exceptions->errorHandler(8, 'Undefined variable: validation', 'APPPATH\\Views\\templates\\modal.php', 37, [...])
 2 SYSTEMPATH\View\View.php(213): include('APPPATH\\Views\\templates\\modal.php')
 3 SYSTEMPATH\View\View.php(216): CodeIgniter\View\View->CodeIgniter\View\{closure}()
 4 SYSTEMPATH\View\View.php(429): CodeIgniter\View\View->render('templates/modal', null, true)
 5 APPPATH\Views\templates\layout.php(146): CodeIgniter\View\View->include('templates/modal')
 6 SYSTEMPATH\View\View.php(213): include('APPPATH\\Views\\templates\\layout.php')
 7 SYSTEMPATH\View\View.php(216): CodeIgniter\View\View->CodeIgniter\View\{closure}()
 8 SYSTEMPATH\View\View.php(229): CodeIgniter\View\View->render('templates/layout', [], true)
 9 SYSTEMPATH\Common.php(1142): CodeIgniter\View\View->render('computer/index', [], true)
10 APPPATH\Controllers\Computer.php(16): view('computer/index', [...])
11 SYSTEMPATH\CodeIgniter.php(902): App\Controllers\Computer->index()
12 SYSTEMPATH\CodeIgniter.php(457): CodeIgniter\CodeIgniter->runController(Object(App\Controllers\Computer))
13 SYSTEMPATH\CodeIgniter.php(340): CodeIgniter\CodeIgniter->handleRequest(null, Object(Config\Cache), false)
14 FCPATH\index.php(67): CodeIgniter\CodeIgniter->run()
15 SYSTEMPATH\Commands\Server\rewrite.php(46): require_once('FCPATH\\index.php')
CRITICAL - 2022-10-15 04:27:18 --> Undefined variable: validation
in APPPATH\Views\templates\modal.php on line 37.
 1 APPPATH\Views\templates\modal.php(37): CodeIgniter\Debug\Exceptions->errorHandler(8, 'Undefined variable: validation', 'APPPATH\\Views\\templates\\modal.php', 37, [...])
 2 SYSTEMPATH\View\View.php(213): include('APPPATH\\Views\\templates\\modal.php')
 3 SYSTEMPATH\View\View.php(216): CodeIgniter\View\View->CodeIgniter\View\{closure}()
 4 SYSTEMPATH\View\View.php(429): CodeIgniter\View\View->render('templates/modal', null, true)
 5 APPPATH\Views\templates\layout.php(146): CodeIgniter\View\View->include('templates/modal')
 6 SYSTEMPATH\View\View.php(213): include('APPPATH\\Views\\templates\\layout.php')
 7 SYSTEMPATH\View\View.php(216): CodeIgniter\View\View->CodeIgniter\View\{closure}()
 8 SYSTEMPATH\View\View.php(229): CodeIgniter\View\View->render('templates/layout', [], true)
 9 SYSTEMPATH\Common.php(1142): CodeIgniter\View\View->render('computer/index', [], true)
10 APPPATH\Controllers\Computer.php(16): view('computer/index', [...])
11 SYSTEMPATH\CodeIgniter.php(902): App\Controllers\Computer->index()
12 SYSTEMPATH\CodeIgniter.php(457): CodeIgniter\CodeIgniter->runController(Object(App\Controllers\Computer))
13 SYSTEMPATH\CodeIgniter.php(340): CodeIgniter\CodeIgniter->handleRequest(null, Object(Config\Cache), false)
14 FCPATH\index.php(67): CodeIgniter\CodeIgniter->run()
15 SYSTEMPATH\Commands\Server\rewrite.php(46): require_once('FCPATH\\index.php')
CRITICAL - 2022-10-15 04:27:25 --> Undefined variable: validation
in APPPATH\Views\templates\modal.php on line 37.
 1 APPPATH\Views\templates\modal.php(37): CodeIgniter\Debug\Exceptions->errorHandler(8, 'Undefined variable: validation', 'APPPATH\\Views\\templates\\modal.php', 37, [...])
 2 SYSTEMPATH\View\View.php(213): include('APPPATH\\Views\\templates\\modal.php')
 3 SYSTEMPATH\View\View.php(216): CodeIgniter\View\View->CodeIgniter\View\{closure}()
 4 SYSTEMPATH\View\View.php(429): CodeIgniter\View\View->render('templates/modal', null, true)
 5 APPPATH\Views\templates\layout.php(146): CodeIgniter\View\View->include('templates/modal')
 6 SYSTEMPATH\View\View.php(213): include('APPPATH\\Views\\templates\\layout.php')
 7 SYSTEMPATH\View\View.php(216): CodeIgniter\View\View->CodeIgniter\View\{closure}()
 8 SYSTEMPATH\View\View.php(229): CodeIgniter\View\View->render('templates/layout', [], true)
 9 SYSTEMPATH\Common.php(1142): CodeIgniter\View\View->render('computer/index', [], true)
10 APPPATH\Controllers\Computer.php(16): view('computer/index', [...])
11 SYSTEMPATH\CodeIgniter.php(902): App\Controllers\Computer->index()
12 SYSTEMPATH\CodeIgniter.php(457): CodeIgniter\CodeIgniter->runController(Object(App\Controllers\Computer))
13 SYSTEMPATH\CodeIgniter.php(340): CodeIgniter\CodeIgniter->handleRequest(null, Object(Config\Cache), false)
14 FCPATH\index.php(67): CodeIgniter\CodeIgniter->run()
15 SYSTEMPATH\Commands\Server\rewrite.php(46): require_once('FCPATH\\index.php')
CRITICAL - 2022-10-15 04:29:03 --> Undefined variable: validation
in APPPATH\Views\templates\modal.php on line 37.
 1 APPPATH\Views\templates\modal.php(37): CodeIgniter\Debug\Exceptions->errorHandler(8, 'Undefined variable: validation', 'APPPATH\\Views\\templates\\modal.php', 37, [...])
 2 SYSTEMPATH\View\View.php(213): include('APPPATH\\Views\\templates\\modal.php')
 3 SYSTEMPATH\View\View.php(216): CodeIgniter\View\View->CodeIgniter\View\{closure}()
 4 SYSTEMPATH\View\View.php(429): CodeIgniter\View\View->render('templates/modal', null, true)
 5 APPPATH\Views\templates\layout.php(146): CodeIgniter\View\View->include('templates/modal')
 6 SYSTEMPATH\View\View.php(213): include('APPPATH\\Views\\templates\\layout.php')
 7 SYSTEMPATH\View\View.php(216): CodeIgniter\View\View->CodeIgniter\View\{closure}()
 8 SYSTEMPATH\View\View.php(229): CodeIgniter\View\View->render('templates/layout', [], true)
 9 SYSTEMPATH\Common.php(1142): CodeIgniter\View\View->render('computer/index', [], true)
10 APPPATH\Controllers\Computer.php(16): view('computer/index', [...])
11 SYSTEMPATH\CodeIgniter.php(902): App\Controllers\Computer->index()
12 SYSTEMPATH\CodeIgniter.php(457): CodeIgniter\CodeIgniter->runController(Object(App\Controllers\Computer))
13 SYSTEMPATH\CodeIgniter.php(340): CodeIgniter\CodeIgniter->handleRequest(null, Object(Config\Cache), false)
14 FCPATH\index.php(67): CodeIgniter\CodeIgniter->run()
15 SYSTEMPATH\Commands\Server\rewrite.php(46): require_once('FCPATH\\index.php')
CRITICAL - 2022-10-15 04:29:28 --> Undefined variable: validation
in APPPATH\Views\templates\modal.php on line 37.
 1 APPPATH\Views\templates\modal.php(37): CodeIgniter\Debug\Exceptions->errorHandler(8, 'Undefined variable: validation', 'APPPATH\\Views\\templates\\modal.php', 37, [...])
 2 SYSTEMPATH\View\View.php(213): include('APPPATH\\Views\\templates\\modal.php')
 3 SYSTEMPATH\View\View.php(216): CodeIgniter\View\View->CodeIgniter\View\{closure}()
 4 SYSTEMPATH\View\View.php(429): CodeIgniter\View\View->render('templates/modal', null, true)
 5 APPPATH\Views\templates\layout.php(146): CodeIgniter\View\View->include('templates/modal')
 6 SYSTEMPATH\View\View.php(213): include('APPPATH\\Views\\templates\\layout.php')
 7 SYSTEMPATH\View\View.php(216): CodeIgniter\View\View->CodeIgniter\View\{closure}()
 8 SYSTEMPATH\View\View.php(229): CodeIgniter\View\View->render('templates/layout', [], true)
 9 SYSTEMPATH\Common.php(1142): CodeIgniter\View\View->render('computer/index', [], true)
10 APPPATH\Controllers\Computer.php(16): view('computer/index', [...])
11 SYSTEMPATH\CodeIgniter.php(902): App\Controllers\Computer->index()
12 SYSTEMPATH\CodeIgniter.php(457): CodeIgniter\CodeIgniter->runController(Object(App\Controllers\Computer))
13 SYSTEMPATH\CodeIgniter.php(340): CodeIgniter\CodeIgniter->handleRequest(null, Object(Config\Cache), false)
14 FCPATH\index.php(67): CodeIgniter\CodeIgniter->run()
15 SYSTEMPATH\Commands\Server\rewrite.php(46): require_once('FCPATH\\index.php')
CRITICAL - 2022-10-15 04:30:46 --> Undefined variable: validation
in APPPATH\Views\templates\modal.php on line 37.
 1 APPPATH\Views\templates\modal.php(37): CodeIgniter\Debug\Exceptions->errorHandler(8, 'Undefined variable: validation', 'APPPATH\\Views\\templates\\modal.php', 37, [...])
 2 SYSTEMPATH\View\View.php(213): include('APPPATH\\Views\\templates\\modal.php')
 3 SYSTEMPATH\View\View.php(216): CodeIgniter\View\View->CodeIgniter\View\{closure}()
 4 SYSTEMPATH\View\View.php(429): CodeIgniter\View\View->render('templates/modal', null, true)
 5 APPPATH\Views\templates\layout.php(146): CodeIgniter\View\View->include('templates/modal')
 6 SYSTEMPATH\View\View.php(213): include('APPPATH\\Views\\templates\\layout.php')
 7 SYSTEMPATH\View\View.php(216): CodeIgniter\View\View->CodeIgniter\View\{closure}()
 8 SYSTEMPATH\View\View.php(229): CodeIgniter\View\View->render('templates/layout', [], true)
 9 SYSTEMPATH\Common.php(1142): CodeIgniter\View\View->render('computer/index', [], true)
10 APPPATH\Controllers\Computer.php(16): view('computer/index', [...])
11 SYSTEMPATH\CodeIgniter.php(902): App\Controllers\Computer->index()
12 SYSTEMPATH\CodeIgniter.php(457): CodeIgniter\CodeIgniter->runController(Object(App\Controllers\Computer))
13 SYSTEMPATH\CodeIgniter.php(340): CodeIgniter\CodeIgniter->handleRequest(null, Object(Config\Cache), false)
14 FCPATH\index.php(67): CodeIgniter\CodeIgniter->run()
15 SYSTEMPATH\Commands\Server\rewrite.php(46): require_once('FCPATH\\index.php')
CRITICAL - 2022-10-15 04:31:01 --> Undefined variable: validation
in APPPATH\Views\templates\modal.php on line 37.
 1 APPPATH\Views\templates\modal.php(37): CodeIgniter\Debug\Exceptions->errorHandler(8, 'Undefined variable: validation', 'APPPATH\\Views\\templates\\modal.php', 37, [...])
 2 SYSTEMPATH\View\View.php(213): include('APPPATH\\Views\\templates\\modal.php')
 3 SYSTEMPATH\View\View.php(216): CodeIgniter\View\View->CodeIgniter\View\{closure}()
 4 SYSTEMPATH\View\View.php(429): CodeIgniter\View\View->render('templates/modal', null, true)
 5 APPPATH\Views\templates\layout.php(146): CodeIgniter\View\View->include('templates/modal')
 6 SYSTEMPATH\View\View.php(213): include('APPPATH\\Views\\templates\\layout.php')
 7 SYSTEMPATH\View\View.php(216): CodeIgniter\View\View->CodeIgniter\View\{closure}()
 8 SYSTEMPATH\View\View.php(229): CodeIgniter\View\View->render('templates/layout', [], true)
 9 SYSTEMPATH\Common.php(1142): CodeIgniter\View\View->render('computer/index', [], true)
10 APPPATH\Controllers\Computer.php(16): view('computer/index', [...])
11 SYSTEMPATH\CodeIgniter.php(902): App\Controllers\Computer->index()
12 SYSTEMPATH\CodeIgniter.php(457): CodeIgniter\CodeIgniter->runController(Object(App\Controllers\Computer))
13 SYSTEMPATH\CodeIgniter.php(340): CodeIgniter\CodeIgniter->handleRequest(null, Object(Config\Cache), false)
14 FCPATH\index.php(67): CodeIgniter\CodeIgniter->run()
15 SYSTEMPATH\Commands\Server\rewrite.php(46): require_once('FCPATH\\index.php')
CRITICAL - 2022-10-15 04:31:17 --> Undefined variable: validation
in APPPATH\Views\templates\modal.php on line 37.
 1 APPPATH\Views\templates\modal.php(37): CodeIgniter\Debug\Exceptions->errorHandler(8, 'Undefined variable: validation', 'APPPATH\\Views\\templates\\modal.php', 37, [...])
 2 SYSTEMPATH\View\View.php(213): include('APPPATH\\Views\\templates\\modal.php')
 3 SYSTEMPATH\View\View.php(216): CodeIgniter\View\View->CodeIgniter\View\{closure}()
 4 SYSTEMPATH\View\View.php(429): CodeIgniter\View\View->render('templates/modal', null, true)
 5 APPPATH\Views\templates\layout.php(146): CodeIgniter\View\View->include('templates/modal')
 6 SYSTEMPATH\View\View.php(213): include('APPPATH\\Views\\templates\\layout.php')
 7 SYSTEMPATH\View\View.php(216): CodeIgniter\View\View->CodeIgniter\View\{closure}()
 8 SYSTEMPATH\View\View.php(229): CodeIgniter\View\View->render('templates/layout', [], true)
 9 SYSTEMPATH\Common.php(1142): CodeIgniter\View\View->render('computer/index', [], true)
10 APPPATH\Controllers\Computer.php(16): view('computer/index', [...])
11 SYSTEMPATH\CodeIgniter.php(902): App\Controllers\Computer->index()
12 SYSTEMPATH\CodeIgniter.php(457): CodeIgniter\CodeIgniter->runController(Object(App\Controllers\Computer))
13 SYSTEMPATH\CodeIgniter.php(340): CodeIgniter\CodeIgniter->handleRequest(null, Object(Config\Cache), false)
14 FCPATH\index.php(67): CodeIgniter\CodeIgniter->run()
15 SYSTEMPATH\Commands\Server\rewrite.php(46): require_once('FCPATH\\index.php')
CRITICAL - 2022-10-15 04:32:04 --> Undefined variable: validation
in APPPATH\Views\templates\modal.php on line 37.
 1 APPPATH\Views\templates\modal.php(37): CodeIgniter\Debug\Exceptions->errorHandler(8, 'Undefined variable: validation', 'APPPATH\\Views\\templates\\modal.php', 37, [...])
 2 SYSTEMPATH\View\View.php(213): include('APPPATH\\Views\\templates\\modal.php')
 3 SYSTEMPATH\View\View.php(216): CodeIgniter\View\View->CodeIgniter\View\{closure}()
 4 SYSTEMPATH\View\View.php(429): CodeIgniter\View\View->render('templates/modal', null, true)
 5 APPPATH\Views\templates\layout.php(146): CodeIgniter\View\View->include('templates/modal')
 6 SYSTEMPATH\View\View.php(213): include('APPPATH\\Views\\templates\\layout.php')
 7 SYSTEMPATH\View\View.php(216): CodeIgniter\View\View->CodeIgniter\View\{closure}()
 8 SYSTEMPATH\View\View.php(229): CodeIgniter\View\View->render('templates/layout', [], true)
 9 SYSTEMPATH\Common.php(1142): CodeIgniter\View\View->render('computer/index', [], true)
10 APPPATH\Controllers\Computer.php(16): view('computer/index', [...])
11 SYSTEMPATH\CodeIgniter.php(902): App\Controllers\Computer->index()
12 SYSTEMPATH\CodeIgniter.php(457): CodeIgniter\CodeIgniter->runController(Object(App\Controllers\Computer))
13 SYSTEMPATH\CodeIgniter.php(340): CodeIgniter\CodeIgniter->handleRequest(null, Object(Config\Cache), false)
14 FCPATH\index.php(67): CodeIgniter\CodeIgniter->run()
15 SYSTEMPATH\Commands\Server\rewrite.php(46): require_once('FCPATH\\index.php')
CRITICAL - 2022-10-15 04:32:42 --> Undefined variable: validation
in APPPATH\Views\templates\modal.php on line 37.
 1 APPPATH\Views\templates\modal.php(37): CodeIgniter\Debug\Exceptions->errorHandler(8, 'Undefined variable: validation', 'APPPATH\\Views\\templates\\modal.php', 37, [...])
 2 SYSTEMPATH\View\View.php(213): include('APPPATH\\Views\\templates\\modal.php')
 3 SYSTEMPATH\View\View.php(216): CodeIgniter\View\View->CodeIgniter\View\{closure}()
 4 SYSTEMPATH\View\View.php(429): CodeIgniter\View\View->render('templates/modal', null, true)
 5 APPPATH\Views\templates\layout.php(146): CodeIgniter\View\View->include('templates/modal')
 6 SYSTEMPATH\View\View.php(213): include('APPPATH\\Views\\templates\\layout.php')
 7 SYSTEMPATH\View\View.php(216): CodeIgniter\View\View->CodeIgniter\View\{closure}()
 8 SYSTEMPATH\View\View.php(229): CodeIgniter\View\View->render('templates/layout', [], true)
 9 SYSTEMPATH\Common.php(1142): CodeIgniter\View\View->render('computer/index', [], true)
10 APPPATH\Controllers\Computer.php(16): view('computer/index', [...])
11 SYSTEMPATH\CodeIgniter.php(902): App\Controllers\Computer->index()
12 SYSTEMPATH\CodeIgniter.php(457): CodeIgniter\CodeIgniter->runController(Object(App\Controllers\Computer))
13 SYSTEMPATH\CodeIgniter.php(340): CodeIgniter\CodeIgniter->handleRequest(null, Object(Config\Cache), false)
14 FCPATH\index.php(67): CodeIgniter\CodeIgniter->run()
15 SYSTEMPATH\Commands\Server\rewrite.php(46): require_once('FCPATH\\index.php')
CRITICAL - 2022-10-15 04:33:19 --> Undefined variable: validation
in APPPATH\Views\templates\modal.php on line 37.
 1 APPPATH\Views\templates\modal.php(37): CodeIgniter\Debug\Exceptions->errorHandler(8, 'Undefined variable: validation', 'APPPATH\\Views\\templates\\modal.php', 37, [...])
 2 SYSTEMPATH\View\View.php(213): include('APPPATH\\Views\\templates\\modal.php')
 3 SYSTEMPATH\View\View.php(216): CodeIgniter\View\View->CodeIgniter\View\{closure}()
 4 SYSTEMPATH\View\View.php(429): CodeIgniter\View\View->render('templates/modal', null, true)
 5 APPPATH\Views\templates\layout.php(146): CodeIgniter\View\View->include('templates/modal')
 6 SYSTEMPATH\View\View.php(213): include('APPPATH\\Views\\templates\\layout.php')
 7 SYSTEMPATH\View\View.php(216): CodeIgniter\View\View->CodeIgniter\View\{closure}()
 8 SYSTEMPATH\View\View.php(229): CodeIgniter\View\View->render('templates/layout', [], true)
 9 SYSTEMPATH\Common.php(1142): CodeIgniter\View\View->render('computer/index', [], true)
10 APPPATH\Controllers\Computer.php(16): view('computer/index', [...])
11 SYSTEMPATH\CodeIgniter.php(902): App\Controllers\Computer->index()
12 SYSTEMPATH\CodeIgniter.php(457): CodeIgniter\CodeIgniter->runController(Object(App\Controllers\Computer))
13 SYSTEMPATH\CodeIgniter.php(340): CodeIgniter\CodeIgniter->handleRequest(null, Object(Config\Cache), false)
14 FCPATH\index.php(67): CodeIgniter\CodeIgniter->run()
15 SYSTEMPATH\Commands\Server\rewrite.php(46): require_once('FCPATH\\index.php')
CRITICAL - 2022-10-15 04:33:56 --> Undefined variable: validation
in APPPATH\Views\templates\modal.php on line 37.
 1 APPPATH\Views\templates\modal.php(37): CodeIgniter\Debug\Exceptions->errorHandler(8, 'Undefined variable: validation', 'APPPATH\\Views\\templates\\modal.php', 37, [...])
 2 SYSTEMPATH\View\View.php(213): include('APPPATH\\Views\\templates\\modal.php')
 3 SYSTEMPATH\View\View.php(216): CodeIgniter\View\View->CodeIgniter\View\{closure}()
 4 SYSTEMPATH\View\View.php(429): CodeIgniter\View\View->render('templates/modal', null, true)
 5 APPPATH\Views\templates\layout.php(146): CodeIgniter\View\View->include('templates/modal')
 6 SYSTEMPATH\View\View.php(213): include('APPPATH\\Views\\templates\\layout.php')
 7 SYSTEMPATH\View\View.php(216): CodeIgniter\View\View->CodeIgniter\View\{closure}()
 8 SYSTEMPATH\View\View.php(229): CodeIgniter\View\View->render('templates/layout', [], true)
 9 SYSTEMPATH\Common.php(1142): CodeIgniter\View\View->render('computer/index', [], true)
10 APPPATH\Controllers\Computer.php(16): view('computer/index', [...])
11 SYSTEMPATH\CodeIgniter.php(902): App\Controllers\Computer->index()
12 SYSTEMPATH\CodeIgniter.php(457): CodeIgniter\CodeIgniter->runController(Object(App\Controllers\Computer))
13 SYSTEMPATH\CodeIgniter.php(340): CodeIgniter\CodeIgniter->handleRequest(null, Object(Config\Cache), false)
14 FCPATH\index.php(67): CodeIgniter\CodeIgniter->run()
15 SYSTEMPATH\Commands\Server\rewrite.php(46): require_once('FCPATH\\index.php')
CRITICAL - 2022-10-15 04:35:14 --> Undefined variable: validation
in APPPATH\Views\templates\modal.php on line 37.
 1 APPPATH\Views\templates\modal.php(37): CodeIgniter\Debug\Exceptions->errorHandler(8, 'Undefined variable: validation', 'APPPATH\\Views\\templates\\modal.php', 37, [...])
 2 SYSTEMPATH\View\View.php(213): include('APPPATH\\Views\\templates\\modal.php')
 3 SYSTEMPATH\View\View.php(216): CodeIgniter\View\View->CodeIgniter\View\{closure}()
 4 SYSTEMPATH\View\View.php(429): CodeIgniter\View\View->render('templates/modal', null, true)
 5 APPPATH\Views\templates\layout.php(146): CodeIgniter\View\View->include('templates/modal')
 6 SYSTEMPATH\View\View.php(213): include('APPPATH\\Views\\templates\\layout.php')
 7 SYSTEMPATH\View\View.php(216): CodeIgniter\View\View->CodeIgniter\View\{closure}()
 8 SYSTEMPATH\View\View.php(229): CodeIgniter\View\View->render('templates/layout', [], true)
 9 SYSTEMPATH\Common.php(1142): CodeIgniter\View\View->render('computer/index', [], true)
10 APPPATH\Controllers\Computer.php(16): view('computer/index', [...])
11 SYSTEMPATH\CodeIgniter.php(902): App\Controllers\Computer->index()
12 SYSTEMPATH\CodeIgniter.php(457): CodeIgniter\CodeIgniter->runController(Object(App\Controllers\Computer))
13 SYSTEMPATH\CodeIgniter.php(340): CodeIgniter\CodeIgniter->handleRequest(null, Object(Config\Cache), false)
14 FCPATH\index.php(67): CodeIgniter\CodeIgniter->run()
15 SYSTEMPATH\Commands\Server\rewrite.php(46): require_once('FCPATH\\index.php')
CRITICAL - 2022-10-15 04:35:22 --> Undefined variable: validation
in APPPATH\Views\templates\modal.php on line 37.
 1 APPPATH\Views\templates\modal.php(37): CodeIgniter\Debug\Exceptions->errorHandler(8, 'Undefined variable: validation', 'APPPATH\\Views\\templates\\modal.php', 37, [...])
 2 SYSTEMPATH\View\View.php(213): include('APPPATH\\Views\\templates\\modal.php')
 3 SYSTEMPATH\View\View.php(216): CodeIgniter\View\View->CodeIgniter\View\{closure}()
 4 SYSTEMPATH\View\View.php(429): CodeIgniter\View\View->render('templates/modal', null, true)
 5 APPPATH\Views\templates\layout.php(146): CodeIgniter\View\View->include('templates/modal')
 6 SYSTEMPATH\View\View.php(213): include('APPPATH\\Views\\templates\\layout.php')
 7 SYSTEMPATH\View\View.php(216): CodeIgniter\View\View->CodeIgniter\View\{closure}()
 8 SYSTEMPATH\View\View.php(229): CodeIgniter\View\View->render('templates/layout', [], true)
 9 SYSTEMPATH\Common.php(1142): CodeIgniter\View\View->render('home', [], true)
10 APPPATH\Controllers\Home.php(12): view('home', [...])
11 SYSTEMPATH\CodeIgniter.php(902): App\Controllers\Home->index()
12 SYSTEMPATH\CodeIgniter.php(457): CodeIgniter\CodeIgniter->runController(Object(App\Controllers\Home))
13 SYSTEMPATH\CodeIgniter.php(340): CodeIgniter\CodeIgniter->handleRequest(null, Object(Config\Cache), false)
14 FCPATH\index.php(67): CodeIgniter\CodeIgniter->run()
15 SYSTEMPATH\Commands\Server\rewrite.php(46): require_once('FCPATH\\index.php')
CRITICAL - 2022-10-15 04:35:34 --> Undefined variable: validation
in APPPATH\Views\templates\modal.php on line 37.
 1 APPPATH\Views\templates\modal.php(37): CodeIgniter\Debug\Exceptions->errorHandler(8, 'Undefined variable: validation', 'APPPATH\\Views\\templates\\modal.php', 37, [...])
 2 SYSTEMPATH\View\View.php(213): include('APPPATH\\Views\\templates\\modal.php')
 3 SYSTEMPATH\View\View.php(216): CodeIgniter\View\View->CodeIgniter\View\{closure}()
 4 SYSTEMPATH\View\View.php(429): CodeIgniter\View\View->render('templates/modal', null, true)
 5 APPPATH\Views\templates\layout.php(146): CodeIgniter\View\View->include('templates/modal')
 6 SYSTEMPATH\View\View.php(213): include('APPPATH\\Views\\templates\\layout.php')
 7 SYSTEMPATH\View\View.php(216): CodeIgniter\View\View->CodeIgniter\View\{closure}()
 8 SYSTEMPATH\View\View.php(229): CodeIgniter\View\View->render('templates/layout', [], true)
 9 SYSTEMPATH\Common.php(1142): CodeIgniter\View\View->render('home', [], true)
10 APPPATH\Controllers\Home.php(12): view('home', [...])
11 SYSTEMPATH\CodeIgniter.php(902): App\Controllers\Home->index()
12 SYSTEMPATH\CodeIgniter.php(457): CodeIgniter\CodeIgniter->runController(Object(App\Controllers\Home))
13 SYSTEMPATH\CodeIgniter.php(340): CodeIgniter\CodeIgniter->handleRequest(null, Object(Config\Cache), false)
14 FCPATH\index.php(67): CodeIgniter\CodeIgniter->run()
15 SYSTEMPATH\Commands\Server\rewrite.php(46): require_once('FCPATH\\index.php')
CRITICAL - 2022-10-15 04:35:46 --> Undefined variable: validation
in APPPATH\Views\templates\modal.php on line 37.
 1 APPPATH\Views\templates\modal.php(37): CodeIgniter\Debug\Exceptions->errorHandler(8, 'Undefined variable: validation', 'APPPATH\\Views\\templates\\modal.php', 37, [...])
 2 SYSTEMPATH\View\View.php(213): include('APPPATH\\Views\\templates\\modal.php')
 3 SYSTEMPATH\View\View.php(216): CodeIgniter\View\View->CodeIgniter\View\{closure}()
 4 SYSTEMPATH\View\View.php(429): CodeIgniter\View\View->render('templates/modal', null, true)
 5 APPPATH\Views\templates\layout.php(146): CodeIgniter\View\View->include('templates/modal')
 6 SYSTEMPATH\View\View.php(213): include('APPPATH\\Views\\templates\\layout.php')
 7 SYSTEMPATH\View\View.php(216): CodeIgniter\View\View->CodeIgniter\View\{closure}()
 8 SYSTEMPATH\View\View.php(229): CodeIgniter\View\View->render('templates/layout', [], true)
 9 SYSTEMPATH\Common.php(1142): CodeIgniter\View\View->render('home', [], true)
10 APPPATH\Controllers\Home.php(12): view('home', [...])
11 SYSTEMPATH\CodeIgniter.php(902): App\Controllers\Home->index()
12 SYSTEMPATH\CodeIgniter.php(457): CodeIgniter\CodeIgniter->runController(Object(App\Controllers\Home))
13 SYSTEMPATH\CodeIgniter.php(340): CodeIgniter\CodeIgniter->handleRequest(null, Object(Config\Cache), false)
14 FCPATH\index.php(67): CodeIgniter\CodeIgniter->run()
15 SYSTEMPATH\Commands\Server\rewrite.php(46): require_once('FCPATH\\index.php')
CRITICAL - 2022-10-15 04:35:47 --> Undefined variable: validation
in APPPATH\Views\templates\modal.php on line 37.
 1 APPPATH\Views\templates\modal.php(37): CodeIgniter\Debug\Exceptions->errorHandler(8, 'Undefined variable: validation', 'APPPATH\\Views\\templates\\modal.php', 37, [...])
 2 SYSTEMPATH\View\View.php(213): include('APPPATH\\Views\\templates\\modal.php')
 3 SYSTEMPATH\View\View.php(216): CodeIgniter\View\View->CodeIgniter\View\{closure}()
 4 SYSTEMPATH\View\View.php(429): CodeIgniter\View\View->render('templates/modal', null, true)
 5 APPPATH\Views\templates\layout.php(146): CodeIgniter\View\View->include('templates/modal')
 6 SYSTEMPATH\View\View.php(213): include('APPPATH\\Views\\templates\\layout.php')
 7 SYSTEMPATH\View\View.php(216): CodeIgniter\View\View->CodeIgniter\View\{closure}()
 8 SYSTEMPATH\View\View.php(229): CodeIgniter\View\View->render('templates/layout', [], true)
 9 SYSTEMPATH\Common.php(1142): CodeIgniter\View\View->render('home', [], true)
10 APPPATH\Controllers\Home.php(12): view('home', [...])
11 SYSTEMPATH\CodeIgniter.php(902): App\Controllers\Home->index()
12 SYSTEMPATH\CodeIgniter.php(457): CodeIgniter\CodeIgniter->runController(Object(App\Controllers\Home))
13 SYSTEMPATH\CodeIgniter.php(340): CodeIgniter\CodeIgniter->handleRequest(null, Object(Config\Cache), false)
14 FCPATH\index.php(67): CodeIgniter\CodeIgniter->run()
15 SYSTEMPATH\Commands\Server\rewrite.php(46): require_once('FCPATH\\index.php')
CRITICAL - 2022-10-15 04:35:55 --> Undefined variable: validation
in APPPATH\Views\templates\modal.php on line 37.
 1 APPPATH\Views\templates\modal.php(37): CodeIgniter\Debug\Exceptions->errorHandler(8, 'Undefined variable: validation', 'APPPATH\\Views\\templates\\modal.php', 37, [...])
 2 SYSTEMPATH\View\View.php(213): include('APPPATH\\Views\\templates\\modal.php')
 3 SYSTEMPATH\View\View.php(216): CodeIgniter\View\View->CodeIgniter\View\{closure}()
 4 SYSTEMPATH\View\View.php(429): CodeIgniter\View\View->render('templates/modal', null, true)
 5 APPPATH\Views\templates\layout.php(146): CodeIgniter\View\View->include('templates/modal')
 6 SYSTEMPATH\View\View.php(213): include('APPPATH\\Views\\templates\\layout.php')
 7 SYSTEMPATH\View\View.php(216): CodeIgniter\View\View->CodeIgniter\View\{closure}()
 8 SYSTEMPATH\View\View.php(229): CodeIgniter\View\View->render('templates/layout', [], true)
 9 SYSTEMPATH\Common.php(1142): CodeIgniter\View\View->render('home', [], true)
10 APPPATH\Controllers\Home.php(12): view('home', [...])
11 SYSTEMPATH\CodeIgniter.php(902): App\Controllers\Home->index()
12 SYSTEMPATH\CodeIgniter.php(457): CodeIgniter\CodeIgniter->runController(Object(App\Controllers\Home))
13 SYSTEMPATH\CodeIgniter.php(340): CodeIgniter\CodeIgniter->handleRequest(null, Object(Config\Cache), false)
14 FCPATH\index.php(67): CodeIgniter\CodeIgniter->run()
15 SYSTEMPATH\Commands\Server\rewrite.php(46): require_once('FCPATH\\index.php')
CRITICAL - 2022-10-15 04:36:12 --> Undefined variable: validation
in APPPATH\Views\templates\modal.php on line 37.
 1 APPPATH\Views\templates\modal.php(37): CodeIgniter\Debug\Exceptions->errorHandler(8, 'Undefined variable: validation', 'APPPATH\\Views\\templates\\modal.php', 37, [...])
 2 SYSTEMPATH\View\View.php(213): include('APPPATH\\Views\\templates\\modal.php')
 3 SYSTEMPATH\View\View.php(216): CodeIgniter\View\View->CodeIgniter\View\{closure}()
 4 SYSTEMPATH\View\View.php(429): CodeIgniter\View\View->render('templates/modal', null, true)
 5 APPPATH\Views\templates\layout.php(146): CodeIgniter\View\View->include('templates/modal')
 6 SYSTEMPATH\View\View.php(213): include('APPPATH\\Views\\templates\\layout.php')
 7 SYSTEMPATH\View\View.php(216): CodeIgniter\View\View->CodeIgniter\View\{closure}()
 8 SYSTEMPATH\View\View.php(229): CodeIgniter\View\View->render('templates/layout', [], true)
 9 SYSTEMPATH\Common.php(1142): CodeIgniter\View\View->render('computer/index', [], true)
10 APPPATH\Controllers\Computer.php(16): view('computer/index', [...])
11 SYSTEMPATH\CodeIgniter.php(902): App\Controllers\Computer->index()
12 SYSTEMPATH\CodeIgniter.php(457): CodeIgniter\CodeIgniter->runController(Object(App\Controllers\Computer))
13 SYSTEMPATH\CodeIgniter.php(340): CodeIgniter\CodeIgniter->handleRequest(null, Object(Config\Cache), false)
14 FCPATH\index.php(67): CodeIgniter\CodeIgniter->run()
15 SYSTEMPATH\Commands\Server\rewrite.php(46): require_once('FCPATH\\index.php')
CRITICAL - 2022-10-15 04:36:31 --> Undefined variable: validation
in APPPATH\Views\templates\modal.php on line 37.
 1 APPPATH\Views\templates\modal.php(37): CodeIgniter\Debug\Exceptions->errorHandler(8, 'Undefined variable: validation', 'APPPATH\\Views\\templates\\modal.php', 37, [...])
 2 SYSTEMPATH\View\View.php(213): include('APPPATH\\Views\\templates\\modal.php')
 3 SYSTEMPATH\View\View.php(216): CodeIgniter\View\View->CodeIgniter\View\{closure}()
 4 SYSTEMPATH\View\View.php(429): CodeIgniter\View\View->render('templates/modal', null, true)
 5 APPPATH\Views\templates\layout.php(146): CodeIgniter\View\View->include('templates/modal')
 6 SYSTEMPATH\View\View.php(213): include('APPPATH\\Views\\templates\\layout.php')
 7 SYSTEMPATH\View\View.php(216): CodeIgniter\View\View->CodeIgniter\View\{closure}()
 8 SYSTEMPATH\View\View.php(229): CodeIgniter\View\View->render('templates/layout', [], true)
 9 SYSTEMPATH\Common.php(1142): CodeIgniter\View\View->render('home', [], true)
10 APPPATH\Controllers\Home.php(12): view('home', [...])
11 SYSTEMPATH\CodeIgniter.php(902): App\Controllers\Home->index()
12 SYSTEMPATH\CodeIgniter.php(457): CodeIgniter\CodeIgniter->runController(Object(App\Controllers\Home))
13 SYSTEMPATH\CodeIgniter.php(340): CodeIgniter\CodeIgniter->handleRequest(null, Object(Config\Cache), false)
14 FCPATH\index.php(67): CodeIgniter\CodeIgniter->run()
15 SYSTEMPATH\Commands\Server\rewrite.php(46): require_once('FCPATH\\index.php')
CRITICAL - 2022-10-15 04:36:51 --> Undefined variable: validation
in APPPATH\Views\templates\modal.php on line 37.
 1 APPPATH\Views\templates\modal.php(37): CodeIgniter\Debug\Exceptions->errorHandler(8, 'Undefined variable: validation', 'APPPATH\\Views\\templates\\modal.php', 37, [...])
 2 SYSTEMPATH\View\View.php(213): include('APPPATH\\Views\\templates\\modal.php')
 3 SYSTEMPATH\View\View.php(216): CodeIgniter\View\View->CodeIgniter\View\{closure}()
 4 SYSTEMPATH\View\View.php(429): CodeIgniter\View\View->render('templates/modal', null, true)
 5 APPPATH\Views\templates\layout.php(146): CodeIgniter\View\View->include('templates/modal')
 6 SYSTEMPATH\View\View.php(213): include('APPPATH\\Views\\templates\\layout.php')
 7 SYSTEMPATH\View\View.php(216): CodeIgniter\View\View->CodeIgniter\View\{closure}()
 8 SYSTEMPATH\View\View.php(229): CodeIgniter\View\View->render('templates/layout', [], true)
 9 SYSTEMPATH\Common.php(1142): CodeIgniter\View\View->render('computer/index', [], true)
10 APPPATH\Controllers\Computer.php(16): view('computer/index', [...])
11 SYSTEMPATH\CodeIgniter.php(902): App\Controllers\Computer->index()
12 SYSTEMPATH\CodeIgniter.php(457): CodeIgniter\CodeIgniter->runController(Object(App\Controllers\Computer))
13 SYSTEMPATH\CodeIgniter.php(340): CodeIgniter\CodeIgniter->handleRequest(null, Object(Config\Cache), false)
14 FCPATH\index.php(67): CodeIgniter\CodeIgniter->run()
15 SYSTEMPATH\Commands\Server\rewrite.php(46): require_once('FCPATH\\index.php')
CRITICAL - 2022-10-15 04:37:02 --> Undefined variable: validation
in APPPATH\Views\templates\modal.php on line 37.
 1 APPPATH\Views\templates\modal.php(37): CodeIgniter\Debug\Exceptions->errorHandler(8, 'Undefined variable: validation', 'APPPATH\\Views\\templates\\modal.php', 37, [...])
 2 SYSTEMPATH\View\View.php(213): include('APPPATH\\Views\\templates\\modal.php')
 3 SYSTEMPATH\View\View.php(216): CodeIgniter\View\View->CodeIgniter\View\{closure}()
 4 SYSTEMPATH\View\View.php(429): CodeIgniter\View\View->render('templates/modal', null, true)
 5 APPPATH\Views\templates\layout.php(146): CodeIgniter\View\View->include('templates/modal')
 6 SYSTEMPATH\View\View.php(213): include('APPPATH\\Views\\templates\\layout.php')
 7 SYSTEMPATH\View\View.php(216): CodeIgniter\View\View->CodeIgniter\View\{closure}()
 8 SYSTEMPATH\View\View.php(229): CodeIgniter\View\View->render('templates/layout', [], true)
 9 SYSTEMPATH\Common.php(1142): CodeIgniter\View\View->render('computer/index', [], true)
10 APPPATH\Controllers\Computer.php(16): view('computer/index', [...])
11 SYSTEMPATH\CodeIgniter.php(902): App\Controllers\Computer->index()
12 SYSTEMPATH\CodeIgniter.php(457): CodeIgniter\CodeIgniter->runController(Object(App\Controllers\Computer))
13 SYSTEMPATH\CodeIgniter.php(340): CodeIgniter\CodeIgniter->handleRequest(null, Object(Config\Cache), false)
14 FCPATH\index.php(67): CodeIgniter\CodeIgniter->run()
15 SYSTEMPATH\Commands\Server\rewrite.php(46): require_once('FCPATH\\index.php')
CRITICAL - 2022-10-15 04:37:19 --> Undefined variable: validation
in APPPATH\Views\templates\modal.php on line 37.
 1 APPPATH\Views\templates\modal.php(37): CodeIgniter\Debug\Exceptions->errorHandler(8, 'Undefined variable: validation', 'APPPATH\\Views\\templates\\modal.php', 37, [...])
 2 SYSTEMPATH\View\View.php(213): include('APPPATH\\Views\\templates\\modal.php')
 3 SYSTEMPATH\View\View.php(216): CodeIgniter\View\View->CodeIgniter\View\{closure}()
 4 SYSTEMPATH\View\View.php(429): CodeIgniter\View\View->render('templates/modal', null, true)
 5 APPPATH\Views\templates\layout.php(146): CodeIgniter\View\View->include('templates/modal')
 6 SYSTEMPATH\View\View.php(213): include('APPPATH\\Views\\templates\\layout.php')
 7 SYSTEMPATH\View\View.php(216): CodeIgniter\View\View->CodeIgniter\View\{closure}()
 8 SYSTEMPATH\View\View.php(229): CodeIgniter\View\View->render('templates/layout', [], true)
 9 SYSTEMPATH\Common.php(1142): CodeIgniter\View\View->render('computer/index', [], true)
10 APPPATH\Controllers\Computer.php(16): view('computer/index', [...])
11 SYSTEMPATH\CodeIgniter.php(902): App\Controllers\Computer->index()
12 SYSTEMPATH\CodeIgniter.php(457): CodeIgniter\CodeIgniter->runController(Object(App\Controllers\Computer))
13 SYSTEMPATH\CodeIgniter.php(340): CodeIgniter\CodeIgniter->handleRequest(null, Object(Config\Cache), false)
14 FCPATH\index.php(67): CodeIgniter\CodeIgniter->run()
15 SYSTEMPATH\Commands\Server\rewrite.php(46): require_once('FCPATH\\index.php')
CRITICAL - 2022-10-15 04:37:34 --> Undefined variable: validation
in APPPATH\Views\templates\modal.php on line 37.
 1 APPPATH\Views\templates\modal.php(37): CodeIgniter\Debug\Exceptions->errorHandler(8, 'Undefined variable: validation', 'APPPATH\\Views\\templates\\modal.php', 37, [...])
 2 SYSTEMPATH\View\View.php(213): include('APPPATH\\Views\\templates\\modal.php')
 3 SYSTEMPATH\View\View.php(216): CodeIgniter\View\View->CodeIgniter\View\{closure}()
 4 SYSTEMPATH\View\View.php(429): CodeIgniter\View\View->render('templates/modal', null, true)
 5 APPPATH\Views\templates\layout.php(146): CodeIgniter\View\View->include('templates/modal')
 6 SYSTEMPATH\View\View.php(213): include('APPPATH\\Views\\templates\\layout.php')
 7 SYSTEMPATH\View\View.php(216): CodeIgniter\View\View->CodeIgniter\View\{closure}()
 8 SYSTEMPATH\View\View.php(229): CodeIgniter\View\View->render('templates/layout', [], true)
 9 SYSTEMPATH\Common.php(1142): CodeIgniter\View\View->render('computer/index', [], true)
10 APPPATH\Controllers\Computer.php(16): view('computer/index', [...])
11 SYSTEMPATH\CodeIgniter.php(902): App\Controllers\Computer->index()
12 SYSTEMPATH\CodeIgniter.php(457): CodeIgniter\CodeIgniter->runController(Object(App\Controllers\Computer))
13 SYSTEMPATH\CodeIgniter.php(340): CodeIgniter\CodeIgniter->handleRequest(null, Object(Config\Cache), false)
14 FCPATH\index.php(67): CodeIgniter\CodeIgniter->run()
15 SYSTEMPATH\Commands\Server\rewrite.php(46): require_once('FCPATH\\index.php')
CRITICAL - 2022-10-15 04:37:35 --> Undefined variable: validation
in APPPATH\Views\templates\modal.php on line 37.
 1 APPPATH\Views\templates\modal.php(37): CodeIgniter\Debug\Exceptions->errorHandler(8, 'Undefined variable: validation', 'APPPATH\\Views\\templates\\modal.php', 37, [...])
 2 SYSTEMPATH\View\View.php(213): include('APPPATH\\Views\\templates\\modal.php')
 3 SYSTEMPATH\View\View.php(216): CodeIgniter\View\View->CodeIgniter\View\{closure}()
 4 SYSTEMPATH\View\View.php(429): CodeIgniter\View\View->render('templates/modal', null, true)
 5 APPPATH\Views\templates\layout.php(146): CodeIgniter\View\View->include('templates/modal')
 6 SYSTEMPATH\View\View.php(213): include('APPPATH\\Views\\templates\\layout.php')
 7 SYSTEMPATH\View\View.php(216): CodeIgniter\View\View->CodeIgniter\View\{closure}()
 8 SYSTEMPATH\View\View.php(229): CodeIgniter\View\View->render('templates/layout', [], true)
 9 SYSTEMPATH\Common.php(1142): CodeIgniter\View\View->render('home', [], true)
10 APPPATH\Controllers\Home.php(12): view('home', [...])
11 SYSTEMPATH\CodeIgniter.php(902): App\Controllers\Home->index()
12 SYSTEMPATH\CodeIgniter.php(457): CodeIgniter\CodeIgniter->runController(Object(App\Controllers\Home))
13 SYSTEMPATH\CodeIgniter.php(340): CodeIgniter\CodeIgniter->handleRequest(null, Object(Config\Cache), false)
14 FCPATH\index.php(67): CodeIgniter\CodeIgniter->run()
15 SYSTEMPATH\Commands\Server\rewrite.php(46): require_once('FCPATH\\index.php')
CRITICAL - 2022-10-15 04:38:12 --> Undefined variable: validation
in APPPATH\Views\templates\modal.php on line 37.
 1 APPPATH\Views\templates\modal.php(37): CodeIgniter\Debug\Exceptions->errorHandler(8, 'Undefined variable: validation', 'APPPATH\\Views\\templates\\modal.php', 37, [...])
 2 SYSTEMPATH\View\View.php(213): include('APPPATH\\Views\\templates\\modal.php')
 3 SYSTEMPATH\View\View.php(216): CodeIgniter\View\View->CodeIgniter\View\{closure}()
 4 SYSTEMPATH\View\View.php(429): CodeIgniter\View\View->render('templates/modal', null, true)
 5 APPPATH\Views\templates\layout.php(146): CodeIgniter\View\View->include('templates/modal')
 6 SYSTEMPATH\View\View.php(213): include('APPPATH\\Views\\templates\\layout.php')
 7 SYSTEMPATH\View\View.php(216): CodeIgniter\View\View->CodeIgniter\View\{closure}()
 8 SYSTEMPATH\View\View.php(229): CodeIgniter\View\View->render('templates/layout', [], true)
 9 SYSTEMPATH\Common.php(1142): CodeIgniter\View\View->render('computer/index', [], true)
10 APPPATH\Controllers\Computer.php(16): view('computer/index', [...])
11 SYSTEMPATH\CodeIgniter.php(902): App\Controllers\Computer->index()
12 SYSTEMPATH\CodeIgniter.php(457): CodeIgniter\CodeIgniter->runController(Object(App\Controllers\Computer))
13 SYSTEMPATH\CodeIgniter.php(340): CodeIgniter\CodeIgniter->handleRequest(null, Object(Config\Cache), false)
14 FCPATH\index.php(67): CodeIgniter\CodeIgniter->run()
15 SYSTEMPATH\Commands\Server\rewrite.php(46): require_once('FCPATH\\index.php')
CRITICAL - 2022-10-15 04:38:15 --> Undefined variable: validation
in APPPATH\Views\templates\modal.php on line 37.
 1 APPPATH\Views\templates\modal.php(37): CodeIgniter\Debug\Exceptions->errorHandler(8, 'Undefined variable: validation', 'APPPATH\\Views\\templates\\modal.php', 37, [...])
 2 SYSTEMPATH\View\View.php(213): include('APPPATH\\Views\\templates\\modal.php')
 3 SYSTEMPATH\View\View.php(216): CodeIgniter\View\View->CodeIgniter\View\{closure}()
 4 SYSTEMPATH\View\View.php(429): CodeIgniter\View\View->render('templates/modal', null, true)
 5 APPPATH\Views\templates\layout.php(146): CodeIgniter\View\View->include('templates/modal')
 6 SYSTEMPATH\View\View.php(213): include('APPPATH\\Views\\templates\\layout.php')
 7 SYSTEMPATH\View\View.php(216): CodeIgniter\View\View->CodeIgniter\View\{closure}()
 8 SYSTEMPATH\View\View.php(229): CodeIgniter\View\View->render('templates/layout', [], true)
 9 SYSTEMPATH\Common.php(1142): CodeIgniter\View\View->render('network', [], true)
10 APPPATH\Controllers\Network.php(12): view('network', [...])
11 SYSTEMPATH\CodeIgniter.php(902): App\Controllers\Network->index()
12 SYSTEMPATH\CodeIgniter.php(457): CodeIgniter\CodeIgniter->runController(Object(App\Controllers\Network))
13 SYSTEMPATH\CodeIgniter.php(340): CodeIgniter\CodeIgniter->handleRequest(null, Object(Config\Cache), false)
14 FCPATH\index.php(67): CodeIgniter\CodeIgniter->run()
15 SYSTEMPATH\Commands\Server\rewrite.php(46): require_once('FCPATH\\index.php')
CRITICAL - 2022-10-15 04:38:18 --> Undefined variable: validation
in APPPATH\Views\templates\modal.php on line 37.
 1 APPPATH\Views\templates\modal.php(37): CodeIgniter\Debug\Exceptions->errorHandler(8, 'Undefined variable: validation', 'APPPATH\\Views\\templates\\modal.php', 37, [...])
 2 SYSTEMPATH\View\View.php(213): include('APPPATH\\Views\\templates\\modal.php')
 3 SYSTEMPATH\View\View.php(216): CodeIgniter\View\View->CodeIgniter\View\{closure}()
 4 SYSTEMPATH\View\View.php(429): CodeIgniter\View\View->render('templates/modal', null, true)
 5 APPPATH\Views\templates\layout.php(146): CodeIgniter\View\View->include('templates/modal')
 6 SYSTEMPATH\View\View.php(213): include('APPPATH\\Views\\templates\\layout.php')
 7 SYSTEMPATH\View\View.php(216): CodeIgniter\View\View->CodeIgniter\View\{closure}()
 8 SYSTEMPATH\View\View.php(229): CodeIgniter\View\View->render('templates/layout', [], true)
 9 SYSTEMPATH\Common.php(1142): CodeIgniter\View\View->render('computer/index', [], true)
10 APPPATH\Controllers\Computer.php(16): view('computer/index', [...])
11 SYSTEMPATH\CodeIgniter.php(902): App\Controllers\Computer->index()
12 SYSTEMPATH\CodeIgniter.php(457): CodeIgniter\CodeIgniter->runController(Object(App\Controllers\Computer))
13 SYSTEMPATH\CodeIgniter.php(340): CodeIgniter\CodeIgniter->handleRequest(null, Object(Config\Cache), false)
14 FCPATH\index.php(67): CodeIgniter\CodeIgniter->run()
15 SYSTEMPATH\Commands\Server\rewrite.php(46): require_once('FCPATH\\index.php')
CRITICAL - 2022-10-15 04:38:40 --> Undefined variable: validation
in APPPATH\Views\templates\modal.php on line 37.
 1 APPPATH\Views\templates\modal.php(37): CodeIgniter\Debug\Exceptions->errorHandler(8, 'Undefined variable: validation', 'APPPATH\\Views\\templates\\modal.php', 37, [...])
 2 SYSTEMPATH\View\View.php(213): include('APPPATH\\Views\\templates\\modal.php')
 3 SYSTEMPATH\View\View.php(216): CodeIgniter\View\View->CodeIgniter\View\{closure}()
 4 SYSTEMPATH\View\View.php(429): CodeIgniter\View\View->render('templates/modal', null, true)
 5 APPPATH\Views\templates\layout.php(146): CodeIgniter\View\View->include('templates/modal')
 6 SYSTEMPATH\View\View.php(213): include('APPPATH\\Views\\templates\\layout.php')
 7 SYSTEMPATH\View\View.php(216): CodeIgniter\View\View->CodeIgniter\View\{closure}()
 8 SYSTEMPATH\View\View.php(229): CodeIgniter\View\View->render('templates/layout', [], true)
 9 SYSTEMPATH\Common.php(1142): CodeIgniter\View\View->render('home', [], true)
10 APPPATH\Controllers\Home.php(12): view('home', [...])
11 SYSTEMPATH\CodeIgniter.php(902): App\Controllers\Home->index()
12 SYSTEMPATH\CodeIgniter.php(457): CodeIgniter\CodeIgniter->runController(Object(App\Controllers\Home))
13 SYSTEMPATH\CodeIgniter.php(340): CodeIgniter\CodeIgniter->handleRequest(null, Object(Config\Cache), false)
14 FCPATH\index.php(67): CodeIgniter\CodeIgniter->run()
15 SYSTEMPATH\Commands\Server\rewrite.php(46): require_once('FCPATH\\index.php')
CRITICAL - 2022-10-15 04:39:19 --> Undefined variable: validation
in APPPATH\Views\templates\modal.php on line 37.
 1 APPPATH\Views\templates\modal.php(37): CodeIgniter\Debug\Exceptions->errorHandler(8, 'Undefined variable: validation', 'APPPATH\\Views\\templates\\modal.php', 37, [...])
 2 SYSTEMPATH\View\View.php(213): include('APPPATH\\Views\\templates\\modal.php')
 3 SYSTEMPATH\View\View.php(216): CodeIgniter\View\View->CodeIgniter\View\{closure}()
 4 SYSTEMPATH\View\View.php(429): CodeIgniter\View\View->render('templates/modal', null, true)
 5 APPPATH\Views\templates\layout.php(146): CodeIgniter\View\View->include('templates/modal')
 6 SYSTEMPATH\View\View.php(213): include('APPPATH\\Views\\templates\\layout.php')
 7 SYSTEMPATH\View\View.php(216): CodeIgniter\View\View->CodeIgniter\View\{closure}()
 8 SYSTEMPATH\View\View.php(229): CodeIgniter\View\View->render('templates/layout', [], true)
 9 SYSTEMPATH\Common.php(1142): CodeIgniter\View\View->render('computer/index', [], true)
10 APPPATH\Controllers\Computer.php(16): view('computer/index', [...])
11 SYSTEMPATH\CodeIgniter.php(902): App\Controllers\Computer->index()
12 SYSTEMPATH\CodeIgniter.php(457): CodeIgniter\CodeIgniter->runController(Object(App\Controllers\Computer))
13 SYSTEMPATH\CodeIgniter.php(340): CodeIgniter\CodeIgniter->handleRequest(null, Object(Config\Cache), false)
14 FCPATH\index.php(67): CodeIgniter\CodeIgniter->run()
15 SYSTEMPATH\Commands\Server\rewrite.php(46): require_once('FCPATH\\index.php')
