CRITICAL - 2022-10-27 01:24:19 --> Undefined variable: computers
in APPPATH\Views\network\index.php on line 22.
 1 APPPATH\Views\network\index.php(22): CodeIgniter\Debug\Exceptions->errorHandler(8, 'Undefined variable: computers', 'APPPATH\\Views\\network\\index.php', 22, [...])
 2 SYSTEMPATH\View\View.php(213): include('APPPATH\\Views\\network\\index.php')
 3 SYSTEMPATH\View\View.php(216): CodeIgniter\View\View->CodeIgniter\View\{closure}()
 4 SYSTEMPATH\Common.php(1142): CodeIgniter\View\View->render('network/index', [], true)
 5 APPPATH\Controllers\Network.php(15): view('network/index', [...])
 6 SYSTEMPATH\CodeIgniter.php(902): App\Controllers\Network->index()
 7 SYSTEMPATH\CodeIgniter.php(457): CodeIgniter\CodeIgniter->runController(Object(App\Controllers\Network))
 8 SYSTEMPATH\CodeIgniter.php(340): CodeIgniter\CodeIgniter->handleRequest(null, Object(Config\Cache), false)
 9 FCPATH\index.php(67): CodeIgniter\CodeIgniter->run()
10 SYSTEMPATH\Commands\Server\rewrite.php(46): require_once('FCPATH\\index.php')
CRITICAL - 2022-10-27 01:27:41 --> Call to undefined method App\Models\assetsModel::findAllResult
in SYSTEMPATH\Model.php on line 774.
 1 APPPATH\Controllers\Network.php(13): CodeIgniter\Model->__call('findAllResult', [])
 2 SYSTEMPATH\CodeIgniter.php(902): App\Controllers\Network->index()
 3 SYSTEMPATH\CodeIgniter.php(457): CodeIgniter\CodeIgniter->runController(Object(App\Controllers\Network))
 4 SYSTEMPATH\CodeIgniter.php(340): CodeIgniter\CodeIgniter->handleRequest(null, Object(Config\Cache), false)
 5 FCPATH\index.php(67): CodeIgniter\CodeIgniter->run()
 6 SYSTEMPATH\Commands\Server\rewrite.php(46): require_once('FCPATH\\index.php')
CRITICAL - 2022-10-27 01:58:24 --> Call to undefined function random_string()
in APPPATH\Views\home.php on line 53.
 1 SYSTEMPATH\View\View.php(213): include()
 2 SYSTEMPATH\View\View.php(216): CodeIgniter\View\View->CodeIgniter\View\{closure}()
 3 SYSTEMPATH\Common.php(1142): CodeIgniter\View\View->render('home', [], true)
 4 APPPATH\Controllers\Home.php(15): view('home', [...])
 5 SYSTEMPATH\CodeIgniter.php(902): App\Controllers\Home->index()
 6 SYSTEMPATH\CodeIgniter.php(457): CodeIgniter\CodeIgniter->runController(Object(App\Controllers\Home))
 7 SYSTEMPATH\CodeIgniter.php(340): CodeIgniter\CodeIgniter->handleRequest(null, Object(Config\Cache), false)
 8 FCPATH\index.php(67): CodeIgniter\CodeIgniter->run()
 9 SYSTEMPATH\Commands\Server\rewrite.php(46): require_once('FCPATH\\index.php')
CRITICAL - 2022-10-27 01:59:22 --> Call to undefined function random_string()
in APPPATH\Views\home.php on line 53.
 1 SYSTEMPATH\View\View.php(213): include()
 2 SYSTEMPATH\View\View.php(216): CodeIgniter\View\View->CodeIgniter\View\{closure}()
 3 SYSTEMPATH\Common.php(1142): CodeIgniter\View\View->render('home', [], true)
 4 APPPATH\Controllers\Home.php(15): view('home', [...])
 5 SYSTEMPATH\CodeIgniter.php(902): App\Controllers\Home->index()
 6 SYSTEMPATH\CodeIgniter.php(457): CodeIgniter\CodeIgniter->runController(Object(App\Controllers\Home))
 7 SYSTEMPATH\CodeIgniter.php(340): CodeIgniter\CodeIgniter->handleRequest(null, Object(Config\Cache), false)
 8 FCPATH\index.php(67): CodeIgniter\CodeIgniter->run()
 9 SYSTEMPATH\Commands\Server\rewrite.php(46): require_once('FCPATH\\index.php')
CRITICAL - 2022-10-27 03:42:13 --> Trying to access array offset on value of type null
in APPPATH\Views\computer\detail.php on line 49.
 1 APPPATH\Views\computer\detail.php(49): CodeIgniter\Debug\Exceptions->errorHandler(8, 'Trying to access array offset on value of type null', 'APPPATH\\Views\\computer\\detail.php', 49, [...])
 2 SYSTEMPATH\View\View.php(213): include('APPPATH\\Views\\computer\\detail.php')
 3 SYSTEMPATH\View\View.php(216): CodeIgniter\View\View->CodeIgniter\View\{closure}()
 4 SYSTEMPATH\Common.php(1142): CodeIgniter\View\View->render('computer/detail', [], true)
 5 APPPATH\Controllers\Computer.php(39): view('computer/detail', [...])
 6 SYSTEMPATH\CodeIgniter.php(902): App\Controllers\Computer->detail('AMSBD')
 7 SYSTEMPATH\CodeIgniter.php(457): CodeIgniter\CodeIgniter->runController(Object(App\Controllers\Computer))
 8 SYSTEMPATH\CodeIgniter.php(340): CodeIgniter\CodeIgniter->handleRequest(null, Object(Config\Cache), false)
 9 FCPATH\index.php(67): CodeIgniter\CodeIgniter->run()
10 SYSTEMPATH\Commands\Server\rewrite.php(46): require_once('FCPATH\\index.php')
CRITICAL - 2022-10-27 04:21:38 --> Trying to access array offset on value of type null
in APPPATH\Views\computer\detail.php on line 49.
 1 APPPATH\Views\computer\detail.php(49): CodeIgniter\Debug\Exceptions->errorHandler(8, 'Trying to access array offset on value of type null', 'APPPATH\\Views\\computer\\detail.php', 49, [...])
 2 SYSTEMPATH\View\View.php(213): include('APPPATH\\Views\\computer\\detail.php')
 3 SYSTEMPATH\View\View.php(216): CodeIgniter\View\View->CodeIgniter\View\{closure}()
 4 SYSTEMPATH\Common.php(1142): CodeIgniter\View\View->render('computer/detail', [], true)
 5 APPPATH\Controllers\Computer.php(39): view('computer/detail', [...])
 6 SYSTEMPATH\CodeIgniter.php(902): App\Controllers\Computer->detail('AMSBD')
 7 SYSTEMPATH\CodeIgniter.php(457): CodeIgniter\CodeIgniter->runController(Object(App\Controllers\Computer))
 8 SYSTEMPATH\CodeIgniter.php(340): CodeIgniter\CodeIgniter->handleRequest(null, Object(Config\Cache), false)
 9 FCPATH\index.php(67): CodeIgniter\CodeIgniter->run()
10 SYSTEMPATH\Commands\Server\rewrite.php(46): require_once('FCPATH\\index.php')
CRITICAL - 2022-10-27 04:21:55 --> Trying to access array offset on value of type null
in APPPATH\Views\computer\detail.php on line 49.
 1 APPPATH\Views\computer\detail.php(49): CodeIgniter\Debug\Exceptions->errorHandler(8, 'Trying to access array offset on value of type null', 'APPPATH\\Views\\computer\\detail.php', 49, [...])
 2 SYSTEMPATH\View\View.php(213): include('APPPATH\\Views\\computer\\detail.php')
 3 SYSTEMPATH\View\View.php(216): CodeIgniter\View\View->CodeIgniter\View\{closure}()
 4 SYSTEMPATH\Common.php(1142): CodeIgniter\View\View->render('computer/detail', [], true)
 5 APPPATH\Controllers\Computer.php(39): view('computer/detail', [...])
 6 SYSTEMPATH\CodeIgniter.php(902): App\Controllers\Computer->detail('AMSBD')
 7 SYSTEMPATH\CodeIgniter.php(457): CodeIgniter\CodeIgniter->runController(Object(App\Controllers\Computer))
 8 SYSTEMPATH\CodeIgniter.php(340): CodeIgniter\CodeIgniter->handleRequest(null, Object(Config\Cache), false)
 9 FCPATH\index.php(67): CodeIgniter\CodeIgniter->run()
10 SYSTEMPATH\Commands\Server\rewrite.php(46): require_once('FCPATH\\index.php')
CRITICAL - 2022-10-27 04:21:57 --> Trying to access array offset on value of type null
in APPPATH\Views\computer\detail.php on line 49.
 1 APPPATH\Views\computer\detail.php(49): CodeIgniter\Debug\Exceptions->errorHandler(8, 'Trying to access array offset on value of type null', 'APPPATH\\Views\\computer\\detail.php', 49, [...])
 2 SYSTEMPATH\View\View.php(213): include('APPPATH\\Views\\computer\\detail.php')
 3 SYSTEMPATH\View\View.php(216): CodeIgniter\View\View->CodeIgniter\View\{closure}()
 4 SYSTEMPATH\Common.php(1142): CodeIgniter\View\View->render('computer/detail', [], true)
 5 APPPATH\Controllers\Computer.php(39): view('computer/detail', [...])
 6 SYSTEMPATH\CodeIgniter.php(902): App\Controllers\Computer->detail('AMSBD')
 7 SYSTEMPATH\CodeIgniter.php(457): CodeIgniter\CodeIgniter->runController(Object(App\Controllers\Computer))
 8 SYSTEMPATH\CodeIgniter.php(340): CodeIgniter\CodeIgniter->handleRequest(null, Object(Config\Cache), false)
 9 FCPATH\index.php(67): CodeIgniter\CodeIgniter->run()
10 SYSTEMPATH\Commands\Server\rewrite.php(46): require_once('FCPATH\\index.php')
CRITICAL - 2022-10-27 04:22:08 --> Trying to access array offset on value of type null
in APPPATH\Views\computer\detail.php on line 49.
 1 APPPATH\Views\computer\detail.php(49): CodeIgniter\Debug\Exceptions->errorHandler(8, 'Trying to access array offset on value of type null', 'APPPATH\\Views\\computer\\detail.php', 49, [...])
 2 SYSTEMPATH\View\View.php(213): include('APPPATH\\Views\\computer\\detail.php')
 3 SYSTEMPATH\View\View.php(216): CodeIgniter\View\View->CodeIgniter\View\{closure}()
 4 SYSTEMPATH\Common.php(1142): CodeIgniter\View\View->render('computer/detail', [], true)
 5 APPPATH\Controllers\Computer.php(39): view('computer/detail', [...])
 6 SYSTEMPATH\CodeIgniter.php(902): App\Controllers\Computer->detail('AMSBD')
 7 SYSTEMPATH\CodeIgniter.php(457): CodeIgniter\CodeIgniter->runController(Object(App\Controllers\Computer))
 8 SYSTEMPATH\CodeIgniter.php(340): CodeIgniter\CodeIgniter->handleRequest(null, Object(Config\Cache), false)
 9 FCPATH\index.php(67): CodeIgniter\CodeIgniter->run()
10 SYSTEMPATH\Commands\Server\rewrite.php(46): require_once('FCPATH\\index.php')
CRITICAL - 2022-10-27 04:22:44 --> Trying to access array offset on value of type null
in APPPATH\Views\computer\detail.php on line 49.
 1 APPPATH\Views\computer\detail.php(49): CodeIgniter\Debug\Exceptions->errorHandler(8, 'Trying to access array offset on value of type null', 'APPPATH\\Views\\computer\\detail.php', 49, [...])
 2 SYSTEMPATH\View\View.php(213): include('APPPATH\\Views\\computer\\detail.php')
 3 SYSTEMPATH\View\View.php(216): CodeIgniter\View\View->CodeIgniter\View\{closure}()
 4 SYSTEMPATH\Common.php(1142): CodeIgniter\View\View->render('computer/detail', [], true)
 5 APPPATH\Controllers\Computer.php(39): view('computer/detail', [...])
 6 SYSTEMPATH\CodeIgniter.php(902): App\Controllers\Computer->detail('AMSBD')
 7 SYSTEMPATH\CodeIgniter.php(457): CodeIgniter\CodeIgniter->runController(Object(App\Controllers\Computer))
 8 SYSTEMPATH\CodeIgniter.php(340): CodeIgniter\CodeIgniter->handleRequest(null, Object(Config\Cache), false)
 9 FCPATH\index.php(67): CodeIgniter\CodeIgniter->run()
10 SYSTEMPATH\Commands\Server\rewrite.php(46): require_once('FCPATH\\index.php')
CRITICAL - 2022-10-27 04:23:57 --> Cannot use isset() on the result of an expression (you can use "null !== expression" instead)
in APPPATH\Controllers\Computer.php on line 39.
 1 [internal function]: CodeIgniter\Debug\Exceptions->shutdownHandler()
