ERROR - 2022-11-01 22:46:52 --> Error connecting to the database: mysqli_sql_exception: No connection could be made because the target machine actively refused it.
 in C:\xampp\htdocs\inventoryit\vendor\codeigniter4\framework\system\Database\MySQLi\Connection.php:171
Stack trace:
#0 C:\xampp\htdocs\inventoryit\vendor\codeigniter4\framework\system\Database\MySQLi\Connection.php(171): mysqli->real_connect('127.0.0.1', 'root', '', 'inventoryit', 3306, '', 0)
#1 C:\xampp\htdocs\inventoryit\vendor\codeigniter4\framework\system\Database\BaseConnection.php(382): CodeIgniter\Database\MySQLi\Connection->connect(false)
#2 C:\xampp\htdocs\inventoryit\vendor\codeigniter4\framework\system\Database\BaseConnection.php(588): CodeIgniter\Database\BaseConnection->initialize()
#3 C:\xampp\htdocs\inventoryit\vendor\codeigniter4\framework\system\Database\BaseBuilder.php(1669): CodeIgniter\Database\BaseConnection->query('SELECT COUNT(*)...', Array, false)
#4 C:\xampp\htdocs\inventoryit\vendor\codeigniter4\framework\system\Model.php(551): CodeIgniter\Database\BaseBuilder->countAllResults(true)
#5 C:\xampp\htdocs\inventoryit\app\Controllers\Home.php(10): CodeIgniter\Model->countAllResults()
#6 C:\xampp\htdocs\inventoryit\vendor\codeigniter4\framework\system\CodeIgniter.php(902): App\Controllers\Home->index()
#7 C:\xampp\htdocs\inventoryit\vendor\codeigniter4\framework\system\CodeIgniter.php(457): CodeIgniter\CodeIgniter->runController(Object(App\Controllers\Home))
#8 C:\xampp\htdocs\inventoryit\vendor\codeigniter4\framework\system\CodeIgniter.php(340): CodeIgniter\CodeIgniter->handleRequest(NULL, Object(Config\Cache), false)
#9 C:\xampp\htdocs\inventoryit\public\index.php(67): CodeIgniter\CodeIgniter->run()
#10 C:\xampp\htdocs\inventoryit\vendor\codeigniter4\framework\system\Commands\Server\rewrite.php(46): require_once('C:\\xampp\\htdocs...')
#11 {main}

Next CodeIgniter\Database\Exceptions\DatabaseException: No connection could be made because the target machine actively refused it.
 in C:\xampp\htdocs\inventoryit\vendor\codeigniter4\framework\system\Database\MySQLi\Connection.php:215
Stack trace:
#0 C:\xampp\htdocs\inventoryit\vendor\codeigniter4\framework\system\Database\BaseConnection.php(382): CodeIgniter\Database\MySQLi\Connection->connect(false)
#1 C:\xampp\htdocs\inventoryit\vendor\codeigniter4\framework\system\Database\BaseConnection.php(588): CodeIgniter\Database\BaseConnection->initialize()
#2 C:\xampp\htdocs\inventoryit\vendor\codeigniter4\framework\system\Database\BaseBuilder.php(1669): CodeIgniter\Database\BaseConnection->query('SELECT COUNT(*)...', Array, false)
#3 C:\xampp\htdocs\inventoryit\vendor\codeigniter4\framework\system\Model.php(551): CodeIgniter\Database\BaseBuilder->countAllResults(true)
#4 C:\xampp\htdocs\inventoryit\app\Controllers\Home.php(10): CodeIgniter\Model->countAllResults()
#5 C:\xampp\htdocs\inventoryit\vendor\codeigniter4\framework\system\CodeIgniter.php(902): App\Controllers\Home->index()
#6 C:\xampp\htdocs\inventoryit\vendor\codeigniter4\framework\system\CodeIgniter.php(457): CodeIgniter\CodeIgniter->runController(Object(App\Controllers\Home))
#7 C:\xampp\htdocs\inventoryit\vendor\codeigniter4\framework\system\CodeIgniter.php(340): CodeIgniter\CodeIgniter->handleRequest(NULL, Object(Config\Cache), false)
#8 C:\xampp\htdocs\inventoryit\public\index.php(67): CodeIgniter\CodeIgniter->run()
#9 C:\xampp\htdocs\inventoryit\vendor\codeigniter4\framework\system\Commands\Server\rewrite.php(46): require_once('C:\\xampp\\htdocs...')
#10 {main}
CRITICAL - 2022-11-01 22:46:52 --> Unable to connect to the database.
Main connection [MySQLi]: No connection could be made because the target machine actively refused it.

in SYSTEMPATH\Database\BaseConnection.php on line 418.
 1 SYSTEMPATH\Database\BaseConnection.php(588): CodeIgniter\Database\BaseConnection->initialize()
 2 SYSTEMPATH\Database\BaseBuilder.php(1669): CodeIgniter\Database\BaseConnection->query('SELECT COUNT(*) AS `numrows`
FROM `assets`
WHERE `jenis` = :jenis:', [...], false)
 3 SYSTEMPATH\Model.php(551): CodeIgniter\Database\BaseBuilder->countAllResults(true)
 4 APPPATH\Controllers\Home.php(10): CodeIgniter\Model->countAllResults()
 5 SYSTEMPATH\CodeIgniter.php(902): App\Controllers\Home->index()
 6 SYSTEMPATH\CodeIgniter.php(457): CodeIgniter\CodeIgniter->runController(Object(App\Controllers\Home))
 7 SYSTEMPATH\CodeIgniter.php(340): CodeIgniter\CodeIgniter->handleRequest(null, Object(Config\Cache), false)
 8 FCPATH\index.php(67): CodeIgniter\CodeIgniter->run()
 9 SYSTEMPATH\Commands\Server\rewrite.php(46): require_once('FCPATH\\index.php')
ERROR - 2022-11-01 22:46:55 --> Error connecting to the database: mysqli_sql_exception: No connection could be made because the target machine actively refused it.
 in C:\xampp\htdocs\inventoryit\vendor\codeigniter4\framework\system\Database\MySQLi\Connection.php:171
Stack trace:
#0 C:\xampp\htdocs\inventoryit\vendor\codeigniter4\framework\system\Database\MySQLi\Connection.php(171): mysqli->real_connect('127.0.0.1', 'root', '', 'inventoryit', 3306, '', 0)
#1 C:\xampp\htdocs\inventoryit\vendor\codeigniter4\framework\system\Database\BaseConnection.php(382): CodeIgniter\Database\MySQLi\Connection->connect(false)
#2 C:\xampp\htdocs\inventoryit\vendor\codeigniter4\framework\system\Database\BaseConnection.php(588): CodeIgniter\Database\BaseConnection->initialize()
#3 C:\xampp\htdocs\inventoryit\vendor\codeigniter4\framework\system\Database\BaseBuilder.php(1669): CodeIgniter\Database\BaseConnection->query('SELECT COUNT(*)...', Array, false)
#4 C:\xampp\htdocs\inventoryit\vendor\codeigniter4\framework\system\Model.php(551): CodeIgniter\Database\BaseBuilder->countAllResults(true)
#5 C:\xampp\htdocs\inventoryit\app\Controllers\Home.php(10): CodeIgniter\Model->countAllResults()
#6 C:\xampp\htdocs\inventoryit\vendor\codeigniter4\framework\system\CodeIgniter.php(902): App\Controllers\Home->index()
#7 C:\xampp\htdocs\inventoryit\vendor\codeigniter4\framework\system\CodeIgniter.php(457): CodeIgniter\CodeIgniter->runController(Object(App\Controllers\Home))
#8 C:\xampp\htdocs\inventoryit\vendor\codeigniter4\framework\system\CodeIgniter.php(340): CodeIgniter\CodeIgniter->handleRequest(NULL, Object(Config\Cache), false)
#9 C:\xampp\htdocs\inventoryit\public\index.php(67): CodeIgniter\CodeIgniter->run()
#10 C:\xampp\htdocs\inventoryit\vendor\codeigniter4\framework\system\Commands\Server\rewrite.php(46): require_once('C:\\xampp\\htdocs...')
#11 {main}

Next CodeIgniter\Database\Exceptions\DatabaseException: No connection could be made because the target machine actively refused it.
 in C:\xampp\htdocs\inventoryit\vendor\codeigniter4\framework\system\Database\MySQLi\Connection.php:215
Stack trace:
#0 C:\xampp\htdocs\inventoryit\vendor\codeigniter4\framework\system\Database\BaseConnection.php(382): CodeIgniter\Database\MySQLi\Connection->connect(false)
#1 C:\xampp\htdocs\inventoryit\vendor\codeigniter4\framework\system\Database\BaseConnection.php(588): CodeIgniter\Database\BaseConnection->initialize()
#2 C:\xampp\htdocs\inventoryit\vendor\codeigniter4\framework\system\Database\BaseBuilder.php(1669): CodeIgniter\Database\BaseConnection->query('SELECT COUNT(*)...', Array, false)
#3 C:\xampp\htdocs\inventoryit\vendor\codeigniter4\framework\system\Model.php(551): CodeIgniter\Database\BaseBuilder->countAllResults(true)
#4 C:\xampp\htdocs\inventoryit\app\Controllers\Home.php(10): CodeIgniter\Model->countAllResults()
#5 C:\xampp\htdocs\inventoryit\vendor\codeigniter4\framework\system\CodeIgniter.php(902): App\Controllers\Home->index()
#6 C:\xampp\htdocs\inventoryit\vendor\codeigniter4\framework\system\CodeIgniter.php(457): CodeIgniter\CodeIgniter->runController(Object(App\Controllers\Home))
#7 C:\xampp\htdocs\inventoryit\vendor\codeigniter4\framework\system\CodeIgniter.php(340): CodeIgniter\CodeIgniter->handleRequest(NULL, Object(Config\Cache), false)
#8 C:\xampp\htdocs\inventoryit\public\index.php(67): CodeIgniter\CodeIgniter->run()
#9 C:\xampp\htdocs\inventoryit\vendor\codeigniter4\framework\system\Commands\Server\rewrite.php(46): require_once('C:\\xampp\\htdocs...')
#10 {main}
CRITICAL - 2022-11-01 22:46:55 --> Unable to connect to the database.
Main connection [MySQLi]: No connection could be made because the target machine actively refused it.

in SYSTEMPATH\Database\BaseConnection.php on line 418.
 1 SYSTEMPATH\Database\BaseConnection.php(588): CodeIgniter\Database\BaseConnection->initialize()
 2 SYSTEMPATH\Database\BaseBuilder.php(1669): CodeIgniter\Database\BaseConnection->query('SELECT COUNT(*) AS `numrows`
FROM `assets`
WHERE `jenis` = :jenis:', [...], false)
 3 SYSTEMPATH\Model.php(551): CodeIgniter\Database\BaseBuilder->countAllResults(true)
 4 APPPATH\Controllers\Home.php(10): CodeIgniter\Model->countAllResults()
 5 SYSTEMPATH\CodeIgniter.php(902): App\Controllers\Home->index()
 6 SYSTEMPATH\CodeIgniter.php(457): CodeIgniter\CodeIgniter->runController(Object(App\Controllers\Home))
 7 SYSTEMPATH\CodeIgniter.php(340): CodeIgniter\CodeIgniter->handleRequest(null, Object(Config\Cache), false)
 8 FCPATH\index.php(67): CodeIgniter\CodeIgniter->run()
 9 SYSTEMPATH\Commands\Server\rewrite.php(46): require_once('FCPATH\\index.php')
ERROR - 2022-11-01 22:58:33 --> mysqli_sql_exception: Table 'blog' already exists in C:\xampp\htdocs\inventoryit\vendor\codeigniter4\framework\system\Database\MySQLi\Connection.php:292
Stack trace:
#0 C:\xampp\htdocs\inventoryit\vendor\codeigniter4\framework\system\Database\MySQLi\Connection.php(292): mysqli->query('CREATE TABLE `b...', 0)
#1 C:\xampp\htdocs\inventoryit\vendor\codeigniter4\framework\system\Database\BaseConnection.php(693): CodeIgniter\Database\MySQLi\Connection->execute('CREATE TABLE `b...')
#2 C:\xampp\htdocs\inventoryit\vendor\codeigniter4\framework\system\Database\BaseConnection.php(620): CodeIgniter\Database\BaseConnection->simpleQuery('CREATE TABLE `b...')
#3 C:\xampp\htdocs\inventoryit\vendor\codeigniter4\framework\system\Database\Forge.php(509): CodeIgniter\Database\BaseConnection->query('CREATE TABLE `b...')
#4 C:\xampp\htdocs\inventoryit\app\Database\Migrations\2022-11-02-034851_Stock.php(52): CodeIgniter\Database\Forge->createTable('blog')
#5 C:\xampp\htdocs\inventoryit\vendor\codeigniter4\framework\system\Database\MigrationRunner.php(868): App\Database\Migrations\Stock->up()
#6 C:\xampp\htdocs\inventoryit\vendor\codeigniter4\framework\system\Database\MigrationRunner.php(187): CodeIgniter\Database\MigrationRunner->migrate('up', Object(stdClass))
#7 C:\xampp\htdocs\inventoryit\vendor\codeigniter4\framework\system\Commands\Database\Migrate.php(84): CodeIgniter\Database\MigrationRunner->latest(NULL)
#8 C:\xampp\htdocs\inventoryit\vendor\codeigniter4\framework\system\CLI\Commands.php(63): CodeIgniter\Commands\Database\Migrate->run(Array)
#9 C:\xampp\htdocs\inventoryit\vendor\codeigniter4\framework\system\CLI\CommandRunner.php(65): CodeIgniter\CLI\Commands->run('migrate', Array)
#10 C:\xampp\htdocs\inventoryit\vendor\codeigniter4\framework\system\CLI\CommandRunner.php(51): CodeIgniter\CLI\CommandRunner->index(Array)
#11 C:\xampp\htdocs\inventoryit\vendor\codeigniter4\framework\system\CodeIgniter.php(895): CodeIgniter\CLI\CommandRunner->_remap('index', Array)
#12 C:\xampp\htdocs\inventoryit\vendor\codeigniter4\framework\system\CodeIgniter.php(457): CodeIgniter\CodeIgniter->runController(Object(CodeIgniter\CLI\CommandRunner))
#13 C:\xampp\htdocs\inventoryit\vendor\codeigniter4\framework\system\CodeIgniter.php(336): CodeIgniter\CodeIgniter->handleRequest(NULL, Object(Config\Cache), false)
#14 C:\xampp\htdocs\inventoryit\vendor\codeigniter4\framework\system\CLI\Console.php(48): CodeIgniter\CodeIgniter->run()
#15 C:\xampp\htdocs\inventoryit\spark(98): CodeIgniter\CLI\Console->run()
#16 {main}
CRITICAL - 2022-11-01 23:07:59 --> Undefined variable: printers
in APPPATH\Views\stock\tinta\index.php on line 22.
 1 APPPATH\Views\stock\tinta\index.php(22): CodeIgniter\Debug\Exceptions->errorHandler(8, 'Undefined variable: printers', 'APPPATH\\Views\\stock\\tinta\\index.php', 22, [...])
 2 SYSTEMPATH\View\View.php(213): include('APPPATH\\Views\\stock\\tinta\\index.php')
 3 SYSTEMPATH\View\View.php(216): CodeIgniter\View\View->CodeIgniter\View\{closure}()
 4 SYSTEMPATH\Common.php(1142): CodeIgniter\View\View->render('stock/tinta/index', [], true)
 5 APPPATH\Controllers\Stock.php(14): view('stock/tinta/index', [...])
 6 SYSTEMPATH\CodeIgniter.php(902): App\Controllers\Stock->tinta()
 7 SYSTEMPATH\CodeIgniter.php(457): CodeIgniter\CodeIgniter->runController(Object(App\Controllers\Stock))
 8 SYSTEMPATH\CodeIgniter.php(340): CodeIgniter\CodeIgniter->handleRequest(null, Object(Config\Cache), false)
 9 FCPATH\index.php(67): CodeIgniter\CodeIgniter->run()
10 SYSTEMPATH\Commands\Server\rewrite.php(46): require_once('FCPATH\\index.php')
CRITICAL - 2022-11-01 23:12:17 --> Undefined property: App\Controllers\Stock::$stockModels
in APPPATH\Controllers\Stock.php on line 13.
 1 APPPATH\Controllers\Stock.php(13): CodeIgniter\Debug\Exceptions->errorHandler(8, 'Undefined property: App\\Controllers\\Stock::$stockModels', 'APPPATH\\Controllers\\Stock.php', 13, [])
 2 SYSTEMPATH\CodeIgniter.php(902): App\Controllers\Stock->tinta()
 3 SYSTEMPATH\CodeIgniter.php(457): CodeIgniter\CodeIgniter->runController(Object(App\Controllers\Stock))
 4 SYSTEMPATH\CodeIgniter.php(340): CodeIgniter\CodeIgniter->handleRequest(null, Object(Config\Cache), false)
 5 FCPATH\index.php(67): CodeIgniter\CodeIgniter->run()
 6 SYSTEMPATH\Commands\Server\rewrite.php(46): require_once('FCPATH\\index.php')
CRITICAL - 2022-11-01 23:12:33 --> Undefined property: App\Controllers\Stock::$stocksModels
in APPPATH\Controllers\Stock.php on line 13.
 1 APPPATH\Controllers\Stock.php(13): CodeIgniter\Debug\Exceptions->errorHandler(8, 'Undefined property: App\\Controllers\\Stock::$stocksModels', 'APPPATH\\Controllers\\Stock.php', 13, [])
 2 SYSTEMPATH\CodeIgniter.php(902): App\Controllers\Stock->tinta()
 3 SYSTEMPATH\CodeIgniter.php(457): CodeIgniter\CodeIgniter->runController(Object(App\Controllers\Stock))
 4 SYSTEMPATH\CodeIgniter.php(340): CodeIgniter\CodeIgniter->handleRequest(null, Object(Config\Cache), false)
 5 FCPATH\index.php(67): CodeIgniter\CodeIgniter->run()
 6 SYSTEMPATH\Commands\Server\rewrite.php(46): require_once('FCPATH\\index.php')
CRITICAL - 2022-11-01 23:12:35 --> Undefined property: App\Controllers\Stock::$stocksModels
in APPPATH\Controllers\Stock.php on line 13.
 1 APPPATH\Controllers\Stock.php(13): CodeIgniter\Debug\Exceptions->errorHandler(8, 'Undefined property: App\\Controllers\\Stock::$stocksModels', 'APPPATH\\Controllers\\Stock.php', 13, [])
 2 SYSTEMPATH\CodeIgniter.php(902): App\Controllers\Stock->tinta()
 3 SYSTEMPATH\CodeIgniter.php(457): CodeIgniter\CodeIgniter->runController(Object(App\Controllers\Stock))
 4 SYSTEMPATH\CodeIgniter.php(340): CodeIgniter\CodeIgniter->handleRequest(null, Object(Config\Cache), false)
 5 FCPATH\index.php(67): CodeIgniter\CodeIgniter->run()
 6 SYSTEMPATH\Commands\Server\rewrite.php(46): require_once('FCPATH\\index.php')
CRITICAL - 2022-11-01 23:13:01 --> Undefined property: App\Controllers\Stock::$stocksModels
in APPPATH\Controllers\Stock.php on line 13.
 1 APPPATH\Controllers\Stock.php(13): CodeIgniter\Debug\Exceptions->errorHandler(8, 'Undefined property: App\\Controllers\\Stock::$stocksModels', 'APPPATH\\Controllers\\Stock.php', 13, [])
 2 SYSTEMPATH\CodeIgniter.php(902): App\Controllers\Stock->tinta()
 3 SYSTEMPATH\CodeIgniter.php(457): CodeIgniter\CodeIgniter->runController(Object(App\Controllers\Stock))
 4 SYSTEMPATH\CodeIgniter.php(340): CodeIgniter\CodeIgniter->handleRequest(null, Object(Config\Cache), false)
 5 FCPATH\index.php(67): CodeIgniter\CodeIgniter->run()
 6 SYSTEMPATH\Commands\Server\rewrite.php(46): require_once('FCPATH\\index.php')
CRITICAL - 2022-11-01 23:13:03 --> Undefined property: App\Controllers\Stock::$stocksModels
in APPPATH\Controllers\Stock.php on line 13.
 1 APPPATH\Controllers\Stock.php(13): CodeIgniter\Debug\Exceptions->errorHandler(8, 'Undefined property: App\\Controllers\\Stock::$stocksModels', 'APPPATH\\Controllers\\Stock.php', 13, [])
 2 SYSTEMPATH\CodeIgniter.php(902): App\Controllers\Stock->tinta()
 3 SYSTEMPATH\CodeIgniter.php(457): CodeIgniter\CodeIgniter->runController(Object(App\Controllers\Stock))
 4 SYSTEMPATH\CodeIgniter.php(340): CodeIgniter\CodeIgniter->handleRequest(null, Object(Config\Cache), false)
 5 FCPATH\index.php(67): CodeIgniter\CodeIgniter->run()
 6 SYSTEMPATH\Commands\Server\rewrite.php(46): require_once('FCPATH\\index.php')
CRITICAL - 2022-11-01 23:16:14 --> Invalid argument supplied for foreach()
in APPPATH\Views\stock\tinta\index.php on line 22.
 1 APPPATH\Views\stock\tinta\index.php(22): CodeIgniter\Debug\Exceptions->errorHandler(2, 'Invalid argument supplied for foreach()', 'APPPATH\\Views\\stock\\tinta\\index.php', 22, [...])
 2 SYSTEMPATH\View\View.php(213): include('APPPATH\\Views\\stock\\tinta\\index.php')
 3 SYSTEMPATH\View\View.php(216): CodeIgniter\View\View->CodeIgniter\View\{closure}()
 4 SYSTEMPATH\Common.php(1142): CodeIgniter\View\View->render('stock/tinta/index', [], true)
 5 APPPATH\Controllers\Stock.php(15): view('stock/tinta/index', [...])
 6 SYSTEMPATH\CodeIgniter.php(902): App\Controllers\Stock->tinta()
 7 SYSTEMPATH\CodeIgniter.php(457): CodeIgniter\CodeIgniter->runController(Object(App\Controllers\Stock))
 8 SYSTEMPATH\CodeIgniter.php(340): CodeIgniter\CodeIgniter->handleRequest(null, Object(Config\Cache), false)
 9 FCPATH\index.php(67): CodeIgniter\CodeIgniter->run()
10 SYSTEMPATH\Commands\Server\rewrite.php(46): require_once('FCPATH\\index.php')
ERROR - 2022-11-01 23:26:51 --> mysqli_sql_exception: Table 'assets' already exists in C:\xampp\htdocs\inventoryit\vendor\codeigniter4\framework\system\Database\MySQLi\Connection.php:292
Stack trace:
#0 C:\xampp\htdocs\inventoryit\vendor\codeigniter4\framework\system\Database\MySQLi\Connection.php(292): mysqli->query('CREATE TABLE `a...', 0)
#1 C:\xampp\htdocs\inventoryit\vendor\codeigniter4\framework\system\Database\BaseConnection.php(693): CodeIgniter\Database\MySQLi\Connection->execute('CREATE TABLE `a...')
#2 C:\xampp\htdocs\inventoryit\vendor\codeigniter4\framework\system\Database\BaseConnection.php(620): CodeIgniter\Database\BaseConnection->simpleQuery('CREATE TABLE `a...')
#3 C:\xampp\htdocs\inventoryit\vendor\codeigniter4\framework\system\Database\Forge.php(509): CodeIgniter\Database\BaseConnection->query('CREATE TABLE `a...')
#4 C:\xampp\htdocs\inventoryit\app\Database\Migrations\2022-10-20-055551_Assets.php(63): CodeIgniter\Database\Forge->createTable('assets')
#5 C:\xampp\htdocs\inventoryit\vendor\codeigniter4\framework\system\Database\MigrationRunner.php(868): App\Database\Migrations\Assets->up()
#6 C:\xampp\htdocs\inventoryit\vendor\codeigniter4\framework\system\Database\MigrationRunner.php(187): CodeIgniter\Database\MigrationRunner->migrate('up', Object(stdClass))
#7 C:\xampp\htdocs\inventoryit\vendor\codeigniter4\framework\system\Commands\Database\Migrate.php(84): CodeIgniter\Database\MigrationRunner->latest(NULL)
#8 C:\xampp\htdocs\inventoryit\vendor\codeigniter4\framework\system\CLI\Commands.php(63): CodeIgniter\Commands\Database\Migrate->run(Array)
#9 C:\xampp\htdocs\inventoryit\vendor\codeigniter4\framework\system\CLI\BaseCommand.php(112): CodeIgniter\CLI\Commands->run('migrate', Array)
#10 C:\xampp\htdocs\inventoryit\vendor\codeigniter4\framework\system\Commands\Database\MigrateRefresh.php(85): CodeIgniter\CLI\BaseCommand->call('migrate', Array)
#11 C:\xampp\htdocs\inventoryit\vendor\codeigniter4\framework\system\CLI\Commands.php(63): CodeIgniter\Commands\Database\MigrateRefresh->run(Array)
#12 C:\xampp\htdocs\inventoryit\vendor\codeigniter4\framework\system\CLI\CommandRunner.php(65): CodeIgniter\CLI\Commands->run('migrate:refresh', Array)
#13 C:\xampp\htdocs\inventoryit\vendor\codeigniter4\framework\system\CLI\CommandRunner.php(51): CodeIgniter\CLI\CommandRunner->index(Array)
#14 C:\xampp\htdocs\inventoryit\vendor\codeigniter4\framework\system\CodeIgniter.php(895): CodeIgniter\CLI\CommandRunner->_remap('index', Array)
#15 C:\xampp\htdocs\inventoryit\vendor\codeigniter4\framework\system\CodeIgniter.php(457): CodeIgniter\CodeIgniter->runController(Object(CodeIgniter\CLI\CommandRunner))
#16 C:\xampp\htdocs\inventoryit\vendor\codeigniter4\framework\system\CodeIgniter.php(336): CodeIgniter\CodeIgniter->handleRequest(NULL, Object(Config\Cache), false)
#17 C:\xampp\htdocs\inventoryit\vendor\codeigniter4\framework\system\CLI\Console.php(48): CodeIgniter\CodeIgniter->run()
#18 C:\xampp\htdocs\inventoryit\spark(98): CodeIgniter\CLI\Console->run()
#19 {main}
ERROR - 2022-11-01 23:27:56 --> mysqli_sql_exception: Table 'assets' already exists in C:\xampp\htdocs\inventoryit\vendor\codeigniter4\framework\system\Database\MySQLi\Connection.php:292
Stack trace:
#0 C:\xampp\htdocs\inventoryit\vendor\codeigniter4\framework\system\Database\MySQLi\Connection.php(292): mysqli->query('CREATE TABLE `a...', 0)
#1 C:\xampp\htdocs\inventoryit\vendor\codeigniter4\framework\system\Database\BaseConnection.php(693): CodeIgniter\Database\MySQLi\Connection->execute('CREATE TABLE `a...')
#2 C:\xampp\htdocs\inventoryit\vendor\codeigniter4\framework\system\Database\BaseConnection.php(620): CodeIgniter\Database\BaseConnection->simpleQuery('CREATE TABLE `a...')
#3 C:\xampp\htdocs\inventoryit\vendor\codeigniter4\framework\system\Database\Forge.php(509): CodeIgniter\Database\BaseConnection->query('CREATE TABLE `a...')
#4 C:\xampp\htdocs\inventoryit\app\Database\Migrations\2022-10-20-055551_Assets.php(63): CodeIgniter\Database\Forge->createTable('assets')
#5 C:\xampp\htdocs\inventoryit\vendor\codeigniter4\framework\system\Database\MigrationRunner.php(868): App\Database\Migrations\Assets->up()
#6 C:\xampp\htdocs\inventoryit\vendor\codeigniter4\framework\system\Database\MigrationRunner.php(187): CodeIgniter\Database\MigrationRunner->migrate('up', Object(stdClass))
#7 C:\xampp\htdocs\inventoryit\vendor\codeigniter4\framework\system\Commands\Database\Migrate.php(84): CodeIgniter\Database\MigrationRunner->latest(NULL)
#8 C:\xampp\htdocs\inventoryit\vendor\codeigniter4\framework\system\CLI\Commands.php(63): CodeIgniter\Commands\Database\Migrate->run(Array)
#9 C:\xampp\htdocs\inventoryit\vendor\codeigniter4\framework\system\CLI\CommandRunner.php(65): CodeIgniter\CLI\Commands->run('migrate', Array)
#10 C:\xampp\htdocs\inventoryit\vendor\codeigniter4\framework\system\CLI\CommandRunner.php(51): CodeIgniter\CLI\CommandRunner->index(Array)
#11 C:\xampp\htdocs\inventoryit\vendor\codeigniter4\framework\system\CodeIgniter.php(895): CodeIgniter\CLI\CommandRunner->_remap('index', Array)
#12 C:\xampp\htdocs\inventoryit\vendor\codeigniter4\framework\system\CodeIgniter.php(457): CodeIgniter\CodeIgniter->runController(Object(CodeIgniter\CLI\CommandRunner))
#13 C:\xampp\htdocs\inventoryit\vendor\codeigniter4\framework\system\CodeIgniter.php(336): CodeIgniter\CodeIgniter->handleRequest(NULL, Object(Config\Cache), false)
#14 C:\xampp\htdocs\inventoryit\vendor\codeigniter4\framework\system\CLI\Console.php(48): CodeIgniter\CodeIgniter->run()
#15 C:\xampp\htdocs\inventoryit\spark(98): CodeIgniter\CLI\Console->run()
#16 {main}
ERROR - 2022-11-01 23:28:32 --> mysqli_sql_exception: Table 'assets' already exists in C:\xampp\htdocs\inventoryit\vendor\codeigniter4\framework\system\Database\MySQLi\Connection.php:292
Stack trace:
#0 C:\xampp\htdocs\inventoryit\vendor\codeigniter4\framework\system\Database\MySQLi\Connection.php(292): mysqli->query('CREATE TABLE `a...', 0)
#1 C:\xampp\htdocs\inventoryit\vendor\codeigniter4\framework\system\Database\BaseConnection.php(693): CodeIgniter\Database\MySQLi\Connection->execute('CREATE TABLE `a...')
#2 C:\xampp\htdocs\inventoryit\vendor\codeigniter4\framework\system\Database\BaseConnection.php(620): CodeIgniter\Database\BaseConnection->simpleQuery('CREATE TABLE `a...')
#3 C:\xampp\htdocs\inventoryit\vendor\codeigniter4\framework\system\Database\Forge.php(509): CodeIgniter\Database\BaseConnection->query('CREATE TABLE `a...')
#4 C:\xampp\htdocs\inventoryit\app\Database\Migrations\2022-10-20-055551_Assets.php(63): CodeIgniter\Database\Forge->createTable('assets')
#5 C:\xampp\htdocs\inventoryit\vendor\codeigniter4\framework\system\Database\MigrationRunner.php(868): App\Database\Migrations\Assets->up()
#6 C:\xampp\htdocs\inventoryit\vendor\codeigniter4\framework\system\Database\MigrationRunner.php(187): CodeIgniter\Database\MigrationRunner->migrate('up', Object(stdClass))
#7 C:\xampp\htdocs\inventoryit\vendor\codeigniter4\framework\system\Commands\Database\Migrate.php(84): CodeIgniter\Database\MigrationRunner->latest(NULL)
#8 C:\xampp\htdocs\inventoryit\vendor\codeigniter4\framework\system\CLI\Commands.php(63): CodeIgniter\Commands\Database\Migrate->run(Array)
#9 C:\xampp\htdocs\inventoryit\vendor\codeigniter4\framework\system\CLI\CommandRunner.php(65): CodeIgniter\CLI\Commands->run('migrate', Array)
#10 C:\xampp\htdocs\inventoryit\vendor\codeigniter4\framework\system\CLI\CommandRunner.php(51): CodeIgniter\CLI\CommandRunner->index(Array)
#11 C:\xampp\htdocs\inventoryit\vendor\codeigniter4\framework\system\CodeIgniter.php(895): CodeIgniter\CLI\CommandRunner->_remap('index', Array)
#12 C:\xampp\htdocs\inventoryit\vendor\codeigniter4\framework\system\CodeIgniter.php(457): CodeIgniter\CodeIgniter->runController(Object(CodeIgniter\CLI\CommandRunner))
#13 C:\xampp\htdocs\inventoryit\vendor\codeigniter4\framework\system\CodeIgniter.php(336): CodeIgniter\CodeIgniter->handleRequest(NULL, Object(Config\Cache), false)
#14 C:\xampp\htdocs\inventoryit\vendor\codeigniter4\framework\system\CLI\Console.php(48): CodeIgniter\CodeIgniter->run()
#15 C:\xampp\htdocs\inventoryit\spark(98): CodeIgniter\CLI\Console->run()
#16 {main}
ERROR - 2022-11-01 23:28:38 --> mysqli_sql_exception: Table 'assets' already exists in C:\xampp\htdocs\inventoryit\vendor\codeigniter4\framework\system\Database\MySQLi\Connection.php:292
Stack trace:
#0 C:\xampp\htdocs\inventoryit\vendor\codeigniter4\framework\system\Database\MySQLi\Connection.php(292): mysqli->query('CREATE TABLE `a...', 0)
#1 C:\xampp\htdocs\inventoryit\vendor\codeigniter4\framework\system\Database\BaseConnection.php(693): CodeIgniter\Database\MySQLi\Connection->execute('CREATE TABLE `a...')
#2 C:\xampp\htdocs\inventoryit\vendor\codeigniter4\framework\system\Database\BaseConnection.php(620): CodeIgniter\Database\BaseConnection->simpleQuery('CREATE TABLE `a...')
#3 C:\xampp\htdocs\inventoryit\vendor\codeigniter4\framework\system\Database\Forge.php(509): CodeIgniter\Database\BaseConnection->query('CREATE TABLE `a...')
#4 C:\xampp\htdocs\inventoryit\app\Database\Migrations\2022-10-20-055551_Assets.php(63): CodeIgniter\Database\Forge->createTable('assets')
#5 C:\xampp\htdocs\inventoryit\vendor\codeigniter4\framework\system\Database\MigrationRunner.php(868): App\Database\Migrations\Assets->up()
#6 C:\xampp\htdocs\inventoryit\vendor\codeigniter4\framework\system\Database\MigrationRunner.php(187): CodeIgniter\Database\MigrationRunner->migrate('up', Object(stdClass))
#7 C:\xampp\htdocs\inventoryit\vendor\codeigniter4\framework\system\Commands\Database\Migrate.php(84): CodeIgniter\Database\MigrationRunner->latest(NULL)
#8 C:\xampp\htdocs\inventoryit\vendor\codeigniter4\framework\system\CLI\Commands.php(63): CodeIgniter\Commands\Database\Migrate->run(Array)
#9 C:\xampp\htdocs\inventoryit\vendor\codeigniter4\framework\system\CLI\BaseCommand.php(112): CodeIgniter\CLI\Commands->run('migrate', Array)
#10 C:\xampp\htdocs\inventoryit\vendor\codeigniter4\framework\system\Commands\Database\MigrateRefresh.php(85): CodeIgniter\CLI\BaseCommand->call('migrate', Array)
#11 C:\xampp\htdocs\inventoryit\vendor\codeigniter4\framework\system\CLI\Commands.php(63): CodeIgniter\Commands\Database\MigrateRefresh->run(Array)
#12 C:\xampp\htdocs\inventoryit\vendor\codeigniter4\framework\system\CLI\CommandRunner.php(65): CodeIgniter\CLI\Commands->run('migrate:refresh', Array)
#13 C:\xampp\htdocs\inventoryit\vendor\codeigniter4\framework\system\CLI\CommandRunner.php(51): CodeIgniter\CLI\CommandRunner->index(Array)
#14 C:\xampp\htdocs\inventoryit\vendor\codeigniter4\framework\system\CodeIgniter.php(895): CodeIgniter\CLI\CommandRunner->_remap('index', Array)
#15 C:\xampp\htdocs\inventoryit\vendor\codeigniter4\framework\system\CodeIgniter.php(457): CodeIgniter\CodeIgniter->runController(Object(CodeIgniter\CLI\CommandRunner))
#16 C:\xampp\htdocs\inventoryit\vendor\codeigniter4\framework\system\CodeIgniter.php(336): CodeIgniter\CodeIgniter->handleRequest(NULL, Object(Config\Cache), false)
#17 C:\xampp\htdocs\inventoryit\vendor\codeigniter4\framework\system\CLI\Console.php(48): CodeIgniter\CodeIgniter->run()
#18 C:\xampp\htdocs\inventoryit\spark(98): CodeIgniter\CLI\Console->run()
#19 {main}
ERROR - 2022-11-01 23:29:35 --> mysqli_sql_exception: Table 'assets' already exists in C:\xampp\htdocs\inventoryit\vendor\codeigniter4\framework\system\Database\MySQLi\Connection.php:292
Stack trace:
#0 C:\xampp\htdocs\inventoryit\vendor\codeigniter4\framework\system\Database\MySQLi\Connection.php(292): mysqli->query('CREATE TABLE `a...', 0)
#1 C:\xampp\htdocs\inventoryit\vendor\codeigniter4\framework\system\Database\BaseConnection.php(693): CodeIgniter\Database\MySQLi\Connection->execute('CREATE TABLE `a...')
#2 C:\xampp\htdocs\inventoryit\vendor\codeigniter4\framework\system\Database\BaseConnection.php(620): CodeIgniter\Database\BaseConnection->simpleQuery('CREATE TABLE `a...')
#3 C:\xampp\htdocs\inventoryit\vendor\codeigniter4\framework\system\Database\Forge.php(509): CodeIgniter\Database\BaseConnection->query('CREATE TABLE `a...')
#4 C:\xampp\htdocs\inventoryit\app\Database\Migrations\2022-10-20-055551_Assets.php(63): CodeIgniter\Database\Forge->createTable('assets')
#5 C:\xampp\htdocs\inventoryit\vendor\codeigniter4\framework\system\Database\MigrationRunner.php(868): App\Database\Migrations\Assets->up()
#6 C:\xampp\htdocs\inventoryit\vendor\codeigniter4\framework\system\Database\MigrationRunner.php(187): CodeIgniter\Database\MigrationRunner->migrate('up', Object(stdClass))
#7 C:\xampp\htdocs\inventoryit\vendor\codeigniter4\framework\system\Commands\Database\Migrate.php(84): CodeIgniter\Database\MigrationRunner->latest(NULL)
#8 C:\xampp\htdocs\inventoryit\vendor\codeigniter4\framework\system\CLI\Commands.php(63): CodeIgniter\Commands\Database\Migrate->run(Array)
#9 C:\xampp\htdocs\inventoryit\vendor\codeigniter4\framework\system\CLI\CommandRunner.php(65): CodeIgniter\CLI\Commands->run('migrate', Array)
#10 C:\xampp\htdocs\inventoryit\vendor\codeigniter4\framework\system\CLI\CommandRunner.php(51): CodeIgniter\CLI\CommandRunner->index(Array)
#11 C:\xampp\htdocs\inventoryit\vendor\codeigniter4\framework\system\CodeIgniter.php(895): CodeIgniter\CLI\CommandRunner->_remap('index', Array)
#12 C:\xampp\htdocs\inventoryit\vendor\codeigniter4\framework\system\CodeIgniter.php(457): CodeIgniter\CodeIgniter->runController(Object(CodeIgniter\CLI\CommandRunner))
#13 C:\xampp\htdocs\inventoryit\vendor\codeigniter4\framework\system\CodeIgniter.php(336): CodeIgniter\CodeIgniter->handleRequest(NULL, Object(Config\Cache), false)
#14 C:\xampp\htdocs\inventoryit\vendor\codeigniter4\framework\system\CLI\Console.php(48): CodeIgniter\CodeIgniter->run()
#15 C:\xampp\htdocs\inventoryit\spark(98): CodeIgniter\CLI\Console->run()
#16 {main}
ERROR - 2022-11-01 23:29:43 --> mysqli_sql_exception: Table 'assets' already exists in C:\xampp\htdocs\inventoryit\vendor\codeigniter4\framework\system\Database\MySQLi\Connection.php:292
Stack trace:
#0 C:\xampp\htdocs\inventoryit\vendor\codeigniter4\framework\system\Database\MySQLi\Connection.php(292): mysqli->query('CREATE TABLE `a...', 0)
#1 C:\xampp\htdocs\inventoryit\vendor\codeigniter4\framework\system\Database\BaseConnection.php(693): CodeIgniter\Database\MySQLi\Connection->execute('CREATE TABLE `a...')
#2 C:\xampp\htdocs\inventoryit\vendor\codeigniter4\framework\system\Database\BaseConnection.php(620): CodeIgniter\Database\BaseConnection->simpleQuery('CREATE TABLE `a...')
#3 C:\xampp\htdocs\inventoryit\vendor\codeigniter4\framework\system\Database\Forge.php(509): CodeIgniter\Database\BaseConnection->query('CREATE TABLE `a...')
#4 C:\xampp\htdocs\inventoryit\app\Database\Migrations\2022-10-20-055551_Assets.php(63): CodeIgniter\Database\Forge->createTable('assets')
#5 C:\xampp\htdocs\inventoryit\vendor\codeigniter4\framework\system\Database\MigrationRunner.php(868): App\Database\Migrations\Assets->up()
#6 C:\xampp\htdocs\inventoryit\vendor\codeigniter4\framework\system\Database\MigrationRunner.php(187): CodeIgniter\Database\MigrationRunner->migrate('up', Object(stdClass))
#7 C:\xampp\htdocs\inventoryit\vendor\codeigniter4\framework\system\Commands\Database\Migrate.php(84): CodeIgniter\Database\MigrationRunner->latest(NULL)
#8 C:\xampp\htdocs\inventoryit\vendor\codeigniter4\framework\system\CLI\Commands.php(63): CodeIgniter\Commands\Database\Migrate->run(Array)
#9 C:\xampp\htdocs\inventoryit\vendor\codeigniter4\framework\system\CLI\CommandRunner.php(65): CodeIgniter\CLI\Commands->run('migrate', Array)
#10 C:\xampp\htdocs\inventoryit\vendor\codeigniter4\framework\system\CLI\CommandRunner.php(51): CodeIgniter\CLI\CommandRunner->index(Array)
#11 C:\xampp\htdocs\inventoryit\vendor\codeigniter4\framework\system\CodeIgniter.php(895): CodeIgniter\CLI\CommandRunner->_remap('index', Array)
#12 C:\xampp\htdocs\inventoryit\vendor\codeigniter4\framework\system\CodeIgniter.php(457): CodeIgniter\CodeIgniter->runController(Object(CodeIgniter\CLI\CommandRunner))
#13 C:\xampp\htdocs\inventoryit\vendor\codeigniter4\framework\system\CodeIgniter.php(336): CodeIgniter\CodeIgniter->handleRequest(NULL, Object(Config\Cache), false)
#14 C:\xampp\htdocs\inventoryit\vendor\codeigniter4\framework\system\CLI\Console.php(48): CodeIgniter\CodeIgniter->run()
#15 C:\xampp\htdocs\inventoryit\spark(98): CodeIgniter\CLI\Console->run()
#16 {main}
ERROR - 2022-11-01 23:30:08 --> mysqli_sql_exception: Table 'assets' already exists in C:\xampp\htdocs\inventoryit\vendor\codeigniter4\framework\system\Database\MySQLi\Connection.php:292
Stack trace:
#0 C:\xampp\htdocs\inventoryit\vendor\codeigniter4\framework\system\Database\MySQLi\Connection.php(292): mysqli->query('CREATE TABLE `a...', 0)
#1 C:\xampp\htdocs\inventoryit\vendor\codeigniter4\framework\system\Database\BaseConnection.php(693): CodeIgniter\Database\MySQLi\Connection->execute('CREATE TABLE `a...')
#2 C:\xampp\htdocs\inventoryit\vendor\codeigniter4\framework\system\Database\BaseConnection.php(620): CodeIgniter\Database\BaseConnection->simpleQuery('CREATE TABLE `a...')
#3 C:\xampp\htdocs\inventoryit\vendor\codeigniter4\framework\system\Database\Forge.php(509): CodeIgniter\Database\BaseConnection->query('CREATE TABLE `a...')
#4 C:\xampp\htdocs\inventoryit\app\Database\Migrations\2022-10-20-055551_Assets.php(63): CodeIgniter\Database\Forge->createTable('assets')
#5 C:\xampp\htdocs\inventoryit\vendor\codeigniter4\framework\system\Database\MigrationRunner.php(868): App\Database\Migrations\Assets->up()
#6 C:\xampp\htdocs\inventoryit\vendor\codeigniter4\framework\system\Database\MigrationRunner.php(187): CodeIgniter\Database\MigrationRunner->migrate('up', Object(stdClass))
#7 C:\xampp\htdocs\inventoryit\vendor\codeigniter4\framework\system\Commands\Database\Migrate.php(84): CodeIgniter\Database\MigrationRunner->latest(NULL)
#8 C:\xampp\htdocs\inventoryit\vendor\codeigniter4\framework\system\CLI\Commands.php(63): CodeIgniter\Commands\Database\Migrate->run(Array)
#9 C:\xampp\htdocs\inventoryit\vendor\codeigniter4\framework\system\CLI\CommandRunner.php(65): CodeIgniter\CLI\Commands->run('migrate', Array)
#10 C:\xampp\htdocs\inventoryit\vendor\codeigniter4\framework\system\CLI\CommandRunner.php(51): CodeIgniter\CLI\CommandRunner->index(Array)
#11 C:\xampp\htdocs\inventoryit\vendor\codeigniter4\framework\system\CodeIgniter.php(895): CodeIgniter\CLI\CommandRunner->_remap('index', Array)
#12 C:\xampp\htdocs\inventoryit\vendor\codeigniter4\framework\system\CodeIgniter.php(457): CodeIgniter\CodeIgniter->runController(Object(CodeIgniter\CLI\CommandRunner))
#13 C:\xampp\htdocs\inventoryit\vendor\codeigniter4\framework\system\CodeIgniter.php(336): CodeIgniter\CodeIgniter->handleRequest(NULL, Object(Config\Cache), false)
#14 C:\xampp\htdocs\inventoryit\vendor\codeigniter4\framework\system\CLI\Console.php(48): CodeIgniter\CodeIgniter->run()
#15 C:\xampp\htdocs\inventoryit\spark(98): CodeIgniter\CLI\Console->run()
#16 {main}
CRITICAL - 2022-11-01 23:40:57 --> Call to undefined function now()
in APPPATH\Views\stock\tinta\index.php on line 6.
 1 SYSTEMPATH\View\View.php(213): include()
 2 SYSTEMPATH\View\View.php(216): CodeIgniter\View\View->CodeIgniter\View\{closure}()
 3 SYSTEMPATH\Common.php(1142): CodeIgniter\View\View->render('stock/tinta/index', [], true)
 4 APPPATH\Controllers\Stock.php(15): view('stock/tinta/index', [...])
 5 SYSTEMPATH\CodeIgniter.php(902): App\Controllers\Stock->tinta()
 6 SYSTEMPATH\CodeIgniter.php(457): CodeIgniter\CodeIgniter->runController(Object(App\Controllers\Stock))
 7 SYSTEMPATH\CodeIgniter.php(340): CodeIgniter\CodeIgniter->handleRequest(null, Object(Config\Cache), false)
 8 FCPATH\index.php(67): CodeIgniter\CodeIgniter->run()
 9 SYSTEMPATH\Commands\Server\rewrite.php(46): require_once('FCPATH\\index.php')
CRITICAL - 2022-11-01 23:44:02 --> DateTimeZone::__construct(): Unknown or bad timezone (YYYY)
in SYSTEMPATH\Helpers\date_helper.php on line 33.
 1 SYSTEMPATH\Helpers\date_helper.php(33): DateTimeZone->__construct('YYYY')
 2 APPPATH\Views\stock\tinta\index.php(7): now('YYYY')
 3 SYSTEMPATH\View\View.php(213): include('APPPATH\\Views\\stock\\tinta\\index.php')
 4 SYSTEMPATH\View\View.php(216): CodeIgniter\View\View->CodeIgniter\View\{closure}()
 5 SYSTEMPATH\Common.php(1142): CodeIgniter\View\View->render('stock/tinta/index', [], true)
 6 APPPATH\Controllers\Stock.php(15): view('stock/tinta/index', [...])
 7 SYSTEMPATH\CodeIgniter.php(902): App\Controllers\Stock->tinta()
 8 SYSTEMPATH\CodeIgniter.php(457): CodeIgniter\CodeIgniter->runController(Object(App\Controllers\Stock))
 9 SYSTEMPATH\CodeIgniter.php(340): CodeIgniter\CodeIgniter->handleRequest(null, Object(Config\Cache), false)
10 FCPATH\index.php(67): CodeIgniter\CodeIgniter->run()
11 SYSTEMPATH\Commands\Server\rewrite.php(46): require_once('FCPATH\\index.php')
CRITICAL - 2022-11-01 23:44:08 --> DateTimeZone::__construct(): Unknown or bad timezone (YY)
in SYSTEMPATH\Helpers\date_helper.php on line 33.
 1 SYSTEMPATH\Helpers\date_helper.php(33): DateTimeZone->__construct('YY')
 2 APPPATH\Views\stock\tinta\index.php(7): now('YY')
 3 SYSTEMPATH\View\View.php(213): include('APPPATH\\Views\\stock\\tinta\\index.php')
 4 SYSTEMPATH\View\View.php(216): CodeIgniter\View\View->CodeIgniter\View\{closure}()
 5 SYSTEMPATH\Common.php(1142): CodeIgniter\View\View->render('stock/tinta/index', [], true)
 6 APPPATH\Controllers\Stock.php(15): view('stock/tinta/index', [...])
 7 SYSTEMPATH\CodeIgniter.php(902): App\Controllers\Stock->tinta()
 8 SYSTEMPATH\CodeIgniter.php(457): CodeIgniter\CodeIgniter->runController(Object(App\Controllers\Stock))
 9 SYSTEMPATH\CodeIgniter.php(340): CodeIgniter\CodeIgniter->handleRequest(null, Object(Config\Cache), false)
10 FCPATH\index.php(67): CodeIgniter\CodeIgniter->run()
11 SYSTEMPATH\Commands\Server\rewrite.php(46): require_once('FCPATH\\index.php')
CRITICAL - 2022-11-01 23:45:47 --> Class 'Time' not found
in APPPATH\Views\stock\tinta\index.php on line 7.
 1 SYSTEMPATH\View\View.php(213): include()
 2 SYSTEMPATH\View\View.php(216): CodeIgniter\View\View->CodeIgniter\View\{closure}()
 3 SYSTEMPATH\Common.php(1142): CodeIgniter\View\View->render('stock/tinta/index', [], true)
 4 APPPATH\Controllers\Stock.php(15): view('stock/tinta/index', [...])
 5 SYSTEMPATH\CodeIgniter.php(902): App\Controllers\Stock->tinta()
 6 SYSTEMPATH\CodeIgniter.php(457): CodeIgniter\CodeIgniter->runController(Object(App\Controllers\Stock))
 7 SYSTEMPATH\CodeIgniter.php(340): CodeIgniter\CodeIgniter->handleRequest(null, Object(Config\Cache), false)
 8 FCPATH\index.php(67): CodeIgniter\CodeIgniter->run()
 9 SYSTEMPATH\Commands\Server\rewrite.php(46): require_once('FCPATH\\index.php')
CRITICAL - 2022-11-01 23:46:18 --> Class 'Time' not found
in APPPATH\Views\stock\tinta\index.php on line 7.
 1 SYSTEMPATH\View\View.php(213): include()
 2 SYSTEMPATH\View\View.php(216): CodeIgniter\View\View->CodeIgniter\View\{closure}()
 3 SYSTEMPATH\Common.php(1142): CodeIgniter\View\View->render('stock/tinta/index', [], true)
 4 APPPATH\Controllers\Stock.php(16): view('stock/tinta/index', [...])
 5 SYSTEMPATH\CodeIgniter.php(902): App\Controllers\Stock->tinta()
 6 SYSTEMPATH\CodeIgniter.php(457): CodeIgniter\CodeIgniter->runController(Object(App\Controllers\Stock))
 7 SYSTEMPATH\CodeIgniter.php(340): CodeIgniter\CodeIgniter->handleRequest(null, Object(Config\Cache), false)
 8 FCPATH\index.php(67): CodeIgniter\CodeIgniter->run()
 9 SYSTEMPATH\Commands\Server\rewrite.php(46): require_once('FCPATH\\index.php')
CRITICAL - 2022-11-01 23:49:17 --> DateTime::__construct(): Failed to parse time string (dd) at position 0 (d): The timezone could not be found in the database
in SYSTEMPATH\I18n\Time.php on line 100.
 1 SYSTEMPATH\I18n\Time.php(100): DateTime->__construct('dd', Object(DateTimeZone))
 2 APPPATH\Controllers\Stock.php(15): CodeIgniter\I18n\Time->__construct('dd')
 3 SYSTEMPATH\CodeIgniter.php(902): App\Controllers\Stock->tinta()
 4 SYSTEMPATH\CodeIgniter.php(457): CodeIgniter\CodeIgniter->runController(Object(App\Controllers\Stock))
 5 SYSTEMPATH\CodeIgniter.php(340): CodeIgniter\CodeIgniter->handleRequest(null, Object(Config\Cache), false)
 6 FCPATH\index.php(67): CodeIgniter\CodeIgniter->run()
 7 SYSTEMPATH\Commands\Server\rewrite.php(46): require_once('FCPATH\\index.php')
CRITICAL - 2022-11-01 23:49:59 --> Undefined variable: day
in APPPATH\Views\stock\tinta\index.php on line 11.
 1 APPPATH\Views\stock\tinta\index.php(11): CodeIgniter\Debug\Exceptions->errorHandler(8, 'Undefined variable: day', 'APPPATH\\Views\\stock\\tinta\\index.php', 11, [...])
 2 SYSTEMPATH\View\View.php(213): include('APPPATH\\Views\\stock\\tinta\\index.php')
 3 SYSTEMPATH\View\View.php(216): CodeIgniter\View\View->CodeIgniter\View\{closure}()
 4 SYSTEMPATH\Common.php(1142): CodeIgniter\View\View->render('stock/tinta/index', [], true)
 5 APPPATH\Controllers\Stock.php(17): view('stock/tinta/index', [...])
 6 SYSTEMPATH\CodeIgniter.php(902): App\Controllers\Stock->tinta()
 7 SYSTEMPATH\CodeIgniter.php(457): CodeIgniter\CodeIgniter->runController(Object(App\Controllers\Stock))
 8 SYSTEMPATH\CodeIgniter.php(340): CodeIgniter\CodeIgniter->handleRequest(null, Object(Config\Cache), false)
 9 FCPATH\index.php(67): CodeIgniter\CodeIgniter->run()
10 SYSTEMPATH\Commands\Server\rewrite.php(46): require_once('FCPATH\\index.php')
CRITICAL - 2022-11-01 23:51:00 --> Undefined variable: year
in APPPATH\Views\stock\tinta\index.php on line 11.
 1 APPPATH\Views\stock\tinta\index.php(11): CodeIgniter\Debug\Exceptions->errorHandler(8, 'Undefined variable: year', 'APPPATH\\Views\\stock\\tinta\\index.php', 11, [...])
 2 SYSTEMPATH\View\View.php(213): include('APPPATH\\Views\\stock\\tinta\\index.php')
 3 SYSTEMPATH\View\View.php(216): CodeIgniter\View\View->CodeIgniter\View\{closure}()
 4 SYSTEMPATH\Common.php(1142): CodeIgniter\View\View->render('stock/tinta/index', [], true)
 5 APPPATH\Controllers\Stock.php(17): view('stock/tinta/index', [...])
 6 SYSTEMPATH\CodeIgniter.php(902): App\Controllers\Stock->tinta()
 7 SYSTEMPATH\CodeIgniter.php(457): CodeIgniter\CodeIgniter->runController(Object(App\Controllers\Stock))
 8 SYSTEMPATH\CodeIgniter.php(340): CodeIgniter\CodeIgniter->handleRequest(null, Object(Config\Cache), false)
 9 FCPATH\index.php(67): CodeIgniter\CodeIgniter->run()
10 SYSTEMPATH\Commands\Server\rewrite.php(46): require_once('FCPATH\\index.php')
CRITICAL - 2022-11-01 23:51:13 --> Argument 1 passed to CodeIgniter\I18n\Time::create() must be of the type int or null, string given, called in C:\xampp\htdocs\inventoryit\app\Views\stock\tinta\index.php on line 11
in SYSTEMPATH\I18n\Time.php on line 214.
 1 APPPATH\Views\stock\tinta\index.php(11): CodeIgniter\I18n\Time::create('dd')
 2 SYSTEMPATH\View\View.php(213): include('APPPATH\\Views\\stock\\tinta\\index.php')
 3 SYSTEMPATH\View\View.php(216): CodeIgniter\View\View->CodeIgniter\View\{closure}()
 4 SYSTEMPATH\Common.php(1142): CodeIgniter\View\View->render('stock/tinta/index', [], true)
 5 APPPATH\Controllers\Stock.php(17): view('stock/tinta/index', [...])
 6 SYSTEMPATH\CodeIgniter.php(902): App\Controllers\Stock->tinta()
 7 SYSTEMPATH\CodeIgniter.php(457): CodeIgniter\CodeIgniter->runController(Object(App\Controllers\Stock))
 8 SYSTEMPATH\CodeIgniter.php(340): CodeIgniter\CodeIgniter->handleRequest(null, Object(Config\Cache), false)
 9 FCPATH\index.php(67): CodeIgniter\CodeIgniter->run()
10 SYSTEMPATH\Commands\Server\rewrite.php(46): require_once('FCPATH\\index.php')
CRITICAL - 2022-11-01 23:54:58 --> Non-static method CodeIgniter\I18n\Time::toDateTime() should not be called statically
in APPPATH\Views\stock\tinta\index.php on line 11.
 1 APPPATH\Views\stock\tinta\index.php(11): CodeIgniter\Debug\Exceptions->errorHandler(8192, 'Non-static method CodeIgniter\\I18n\\Time::toDateTime() should not be called statically', 'APPPATH\\Views\\stock\\tinta\\index.php', 11, [...])
 2 SYSTEMPATH\View\View.php(213): include('APPPATH\\Views\\stock\\tinta\\index.php')
 3 SYSTEMPATH\View\View.php(216): CodeIgniter\View\View->CodeIgniter\View\{closure}()
 4 SYSTEMPATH\Common.php(1142): CodeIgniter\View\View->render('stock/tinta/index', [], true)
 5 APPPATH\Controllers\Stock.php(17): view('stock/tinta/index', [...])
 6 SYSTEMPATH\CodeIgniter.php(902): App\Controllers\Stock->tinta()
 7 SYSTEMPATH\CodeIgniter.php(457): CodeIgniter\CodeIgniter->runController(Object(App\Controllers\Stock))
 8 SYSTEMPATH\CodeIgniter.php(340): CodeIgniter\CodeIgniter->handleRequest(null, Object(Config\Cache), false)
 9 FCPATH\index.php(67): CodeIgniter\CodeIgniter->run()
10 SYSTEMPATH\Commands\Server\rewrite.php(46): require_once('FCPATH\\index.php')
CRITICAL - 2022-11-01 23:55:33 --> DateTimeZone::__construct(): Unknown or bad timezone (yyyy)
in SYSTEMPATH\I18n\Time.php on line 89.
 1 SYSTEMPATH\I18n\Time.php(89): DateTimeZone->__construct('yyyy')
 2 SYSTEMPATH\I18n\Time.php(145): CodeIgniter\I18n\Time->__construct('2022-11-01 00:00:00', 'yyyy', null)
 3 APPPATH\Views\stock\tinta\index.php(11): CodeIgniter\I18n\Time::today('yyyy')
 4 SYSTEMPATH\View\View.php(213): include('APPPATH\\Views\\stock\\tinta\\index.php')
 5 SYSTEMPATH\View\View.php(216): CodeIgniter\View\View->CodeIgniter\View\{closure}()
 6 SYSTEMPATH\Common.php(1142): CodeIgniter\View\View->render('stock/tinta/index', [], true)
 7 APPPATH\Controllers\Stock.php(17): view('stock/tinta/index', [...])
 8 SYSTEMPATH\CodeIgniter.php(902): App\Controllers\Stock->tinta()
 9 SYSTEMPATH\CodeIgniter.php(457): CodeIgniter\CodeIgniter->runController(Object(App\Controllers\Stock))
10 SYSTEMPATH\CodeIgniter.php(340): CodeIgniter\CodeIgniter->handleRequest(null, Object(Config\Cache), false)
11 FCPATH\index.php(67): CodeIgniter\CodeIgniter->run()
12 SYSTEMPATH\Commands\Server\rewrite.php(46): require_once('FCPATH\\index.php')
