CRITICAL - 2022-10-14 03:01:31 --> Undefined variable: title
in APPPATH\Views\home.php on line 4.
 1 APPPATH\Views\home.php(4): CodeIgniter\Debug\Exceptions->errorHandler(8, 'Undefined variable: title', 'APPPATH\\Views\\home.php', 4, [])
 2 SYSTEMPATH\View\View.php(213): include('APPPATH\\Views\\home.php')
 3 SYSTEMPATH\View\View.php(216): CodeIgniter\View\View->CodeIgniter\View\{closure}()
 4 SYSTEMPATH\Common.php(1142): CodeIgniter\View\View->render('home', [], true)
 5 APPPATH\Controllers\Home.php(12): view('home')
 6 SYSTEMPATH\CodeIgniter.php(902): App\Controllers\Home->index()
 7 SYSTEMPATH\CodeIgniter.php(457): CodeIgniter\CodeIgniter->runController(Object(App\Controllers\Home))
 8 SYSTEMPATH\CodeIgniter.php(340): CodeIgniter\CodeIgniter->handleRequest(null, Object(Config\Cache), false)
 9 FCPATH\index.php(67): CodeIgniter\CodeIgniter->run()
10 SYSTEMPATH\Commands\Server\rewrite.php(46): require_once('FCPATH\\index.php')
CRITICAL - 2022-10-14 03:06:36 --> A non-numeric value encountered
in APPPATH\Views\templates\sidebar.php on line 35.
 1 APPPATH\Views\templates\sidebar.php(35): CodeIgniter\Debug\Exceptions->errorHandler(2, 'A non-numeric value encountered', 'APPPATH\\Views\\templates\\sidebar.php', 35, [...])
 2 SYSTEMPATH\View\View.php(213): include('APPPATH\\Views\\templates\\sidebar.php')
 3 SYSTEMPATH\View\View.php(216): CodeIgniter\View\View->CodeIgniter\View\{closure}()
 4 SYSTEMPATH\View\View.php(429): CodeIgniter\View\View->render('templates/sidebar', null, true)
 5 APPPATH\Views\templates\layout.php(29): CodeIgniter\View\View->include('templates/sidebar')
 6 SYSTEMPATH\View\View.php(213): include('APPPATH\\Views\\templates\\layout.php')
 7 SYSTEMPATH\View\View.php(216): CodeIgniter\View\View->CodeIgniter\View\{closure}()
 8 SYSTEMPATH\View\View.php(229): CodeIgniter\View\View->render('templates/layout', [], true)
 9 SYSTEMPATH\Common.php(1142): CodeIgniter\View\View->render('home', [], true)
10 APPPATH\Controllers\Home.php(12): view('home', [...])
11 SYSTEMPATH\CodeIgniter.php(902): App\Controllers\Home->index()
12 SYSTEMPATH\CodeIgniter.php(457): CodeIgniter\CodeIgniter->runController(Object(App\Controllers\Home))
13 SYSTEMPATH\CodeIgniter.php(340): CodeIgniter\CodeIgniter->handleRequest(null, Object(Config\Cache), false)
14 FCPATH\index.php(67): CodeIgniter\CodeIgniter->run()
15 SYSTEMPATH\Commands\Server\rewrite.php(46): require_once('FCPATH\\index.php')
CRITICAL - 2022-10-14 03:15:21 --> A non-numeric value encountered
in APPPATH\Views\templates\sidebar.php on line 35.
 1 APPPATH\Views\templates\sidebar.php(35): CodeIgniter\Debug\Exceptions->errorHandler(2, 'A non-numeric value encountered', 'APPPATH\\Views\\templates\\sidebar.php', 35, [...])
 2 SYSTEMPATH\View\View.php(213): include('APPPATH\\Views\\templates\\sidebar.php')
 3 SYSTEMPATH\View\View.php(216): CodeIgniter\View\View->CodeIgniter\View\{closure}()
 4 SYSTEMPATH\View\View.php(429): CodeIgniter\View\View->render('templates/sidebar', null, true)
 5 APPPATH\Views\templates\layout.php(29): CodeIgniter\View\View->include('templates/sidebar')
 6 SYSTEMPATH\View\View.php(213): include('APPPATH\\Views\\templates\\layout.php')
 7 SYSTEMPATH\View\View.php(216): CodeIgniter\View\View->CodeIgniter\View\{closure}()
 8 SYSTEMPATH\View\View.php(229): CodeIgniter\View\View->render('templates/layout', [], true)
 9 SYSTEMPATH\Common.php(1142): CodeIgniter\View\View->render('home', [], true)
10 APPPATH\Controllers\Home.php(12): view('home', [...])
11 SYSTEMPATH\CodeIgniter.php(902): App\Controllers\Home->index()
12 SYSTEMPATH\CodeIgniter.php(457): CodeIgniter\CodeIgniter->runController(Object(App\Controllers\Home))
13 SYSTEMPATH\CodeIgniter.php(340): CodeIgniter\CodeIgniter->handleRequest(null, Object(Config\Cache), false)
14 FCPATH\index.php(67): CodeIgniter\CodeIgniter->run()
15 SYSTEMPATH\Commands\Server\rewrite.php(46): require_once('FCPATH\\index.php')
CRITICAL - 2022-10-14 03:54:17 --> Undefined property: App\Controllers\Computer::$computersModel
in APPPATH\Controllers\Computer.php on line 13.
 1 APPPATH\Controllers\Computer.php(13): CodeIgniter\Debug\Exceptions->errorHandler(8, 'Undefined property: App\\Controllers\\Computer::$computersModel', 'APPPATH\\Controllers\\Computer.php', 13, [...])
 2 SYSTEMPATH\CodeIgniter.php(902): App\Controllers\Computer->index()
 3 SYSTEMPATH\CodeIgniter.php(457): CodeIgniter\CodeIgniter->runController(Object(App\Controllers\Computer))
 4 SYSTEMPATH\CodeIgniter.php(340): CodeIgniter\CodeIgniter->handleRequest(null, Object(Config\Cache), false)
 5 FCPATH\index.php(67): CodeIgniter\CodeIgniter->run()
 6 SYSTEMPATH\Commands\Server\rewrite.php(46): require_once('FCPATH\\index.php')
CRITICAL - 2022-10-14 03:55:05 --> Undefined property: App\Controllers\Computer::$computersModel
in APPPATH\Controllers\Computer.php on line 11.
 1 APPPATH\Controllers\Computer.php(11): CodeIgniter\Debug\Exceptions->errorHandler(8, 'Undefined property: App\\Controllers\\Computer::$computersModel', 'APPPATH\\Controllers\\Computer.php', 11, [...])
 2 SYSTEMPATH\CodeIgniter.php(902): App\Controllers\Computer->index()
 3 SYSTEMPATH\CodeIgniter.php(457): CodeIgniter\CodeIgniter->runController(Object(App\Controllers\Computer))
 4 SYSTEMPATH\CodeIgniter.php(340): CodeIgniter\CodeIgniter->handleRequest(null, Object(Config\Cache), false)
 5 FCPATH\index.php(67): CodeIgniter\CodeIgniter->run()
 6 SYSTEMPATH\Commands\Server\rewrite.php(46): require_once('FCPATH\\index.php')
ERROR - 2022-10-14 03:56:03 --> Error connecting to the database: mysqli_sql_exception: Access denied for user ''@'localhost' (using password: NO) in C:\xampp\htdocs\inventoryit\vendor\codeigniter4\framework\system\Database\MySQLi\Connection.php:171
Stack trace:
#0 C:\xampp\htdocs\inventoryit\vendor\codeigniter4\framework\system\Database\MySQLi\Connection.php(171): mysqli->real_connect('localhost', '', '', '', 3306, '', 0)
#1 C:\xampp\htdocs\inventoryit\vendor\codeigniter4\framework\system\Database\BaseConnection.php(382): CodeIgniter\Database\MySQLi\Connection->connect(false)
#2 C:\xampp\htdocs\inventoryit\vendor\codeigniter4\framework\system\Database\BaseConnection.php(588): CodeIgniter\Database\BaseConnection->initialize()
#3 C:\xampp\htdocs\inventoryit\vendor\codeigniter4\framework\system\Database\BaseBuilder.php(1585): CodeIgniter\Database\BaseConnection->query('SELECT *\nFROM `...', Array, false)
#4 C:\xampp\htdocs\inventoryit\vendor\codeigniter4\framework\system\Model.php(223): CodeIgniter\Database\BaseBuilder->get()
#5 C:\xampp\htdocs\inventoryit\vendor\codeigniter4\framework\system\BaseModel.php(584): CodeIgniter\Model->doFindAll(0, 0)
#6 C:\xampp\htdocs\inventoryit\app\Controllers\Computer.php(11): CodeIgniter\BaseModel->findAll()
#7 C:\xampp\htdocs\inventoryit\vendor\codeigniter4\framework\system\CodeIgniter.php(902): App\Controllers\Computer->index()
#8 C:\xampp\htdocs\inventoryit\vendor\codeigniter4\framework\system\CodeIgniter.php(457): CodeIgniter\CodeIgniter->runController(Object(App\Controllers\Computer))
#9 C:\xampp\htdocs\inventoryit\vendor\codeigniter4\framework\system\CodeIgniter.php(340): CodeIgniter\CodeIgniter->handleRequest(NULL, Object(Config\Cache), false)
#10 C:\xampp\htdocs\inventoryit\public\index.php(67): CodeIgniter\CodeIgniter->run()
#11 C:\xampp\htdocs\inventoryit\vendor\codeigniter4\framework\system\Commands\Server\rewrite.php(46): require_once('C:\\xampp\\htdocs...')
#12 {main}

Next CodeIgniter\Database\Exceptions\DatabaseException: Access denied for user ''@'localhost' (using password: NO) in C:\xampp\htdocs\inventoryit\vendor\codeigniter4\framework\system\Database\MySQLi\Connection.php:215
Stack trace:
#0 C:\xampp\htdocs\inventoryit\vendor\codeigniter4\framework\system\Database\BaseConnection.php(382): CodeIgniter\Database\MySQLi\Connection->connect(false)
#1 C:\xampp\htdocs\inventoryit\vendor\codeigniter4\framework\system\Database\BaseConnection.php(588): CodeIgniter\Database\BaseConnection->initialize()
#2 C:\xampp\htdocs\inventoryit\vendor\codeigniter4\framework\system\Database\BaseBuilder.php(1585): CodeIgniter\Database\BaseConnection->query('SELECT *\nFROM `...', Array, false)
#3 C:\xampp\htdocs\inventoryit\vendor\codeigniter4\framework\system\Model.php(223): CodeIgniter\Database\BaseBuilder->get()
#4 C:\xampp\htdocs\inventoryit\vendor\codeigniter4\framework\system\BaseModel.php(584): CodeIgniter\Model->doFindAll(0, 0)
#5 C:\xampp\htdocs\inventoryit\app\Controllers\Computer.php(11): CodeIgniter\BaseModel->findAll()
#6 C:\xampp\htdocs\inventoryit\vendor\codeigniter4\framework\system\CodeIgniter.php(902): App\Controllers\Computer->index()
#7 C:\xampp\htdocs\inventoryit\vendor\codeigniter4\framework\system\CodeIgniter.php(457): CodeIgniter\CodeIgniter->runController(Object(App\Controllers\Computer))
#8 C:\xampp\htdocs\inventoryit\vendor\codeigniter4\framework\system\CodeIgniter.php(340): CodeIgniter\CodeIgniter->handleRequest(NULL, Object(Config\Cache), false)
#9 C:\xampp\htdocs\inventoryit\public\index.php(67): CodeIgniter\CodeIgniter->run()
#10 C:\xampp\htdocs\inventoryit\vendor\codeigniter4\framework\system\Commands\Server\rewrite.php(46): require_once('C:\\xampp\\htdocs...')
#11 {main}
CRITICAL - 2022-10-14 03:56:03 --> Unable to connect to the database.
Main connection [MySQLi]: Access denied for user ''@'localhost' (using password: NO)
in SYSTEMPATH\Database\BaseConnection.php on line 418.
 1 SYSTEMPATH\Database\BaseConnection.php(588): CodeIgniter\Database\BaseConnection->initialize()
 2 SYSTEMPATH\Database\BaseBuilder.php(1585): CodeIgniter\Database\BaseConnection->query('SELECT *
FROM `computer`', [], false)
 3 SYSTEMPATH\Model.php(223): CodeIgniter\Database\BaseBuilder->get()
 4 SYSTEMPATH\BaseModel.php(584): CodeIgniter\Model->doFindAll(0, 0)
 5 APPPATH\Controllers\Computer.php(11): CodeIgniter\BaseModel->findAll()
 6 SYSTEMPATH\CodeIgniter.php(902): App\Controllers\Computer->index()
 7 SYSTEMPATH\CodeIgniter.php(457): CodeIgniter\CodeIgniter->runController(Object(App\Controllers\Computer))
 8 SYSTEMPATH\CodeIgniter.php(340): CodeIgniter\CodeIgniter->handleRequest(null, Object(Config\Cache), false)
 9 FCPATH\index.php(67): CodeIgniter\CodeIgniter->run()
10 SYSTEMPATH\Commands\Server\rewrite.php(46): require_once('FCPATH\\index.php')
