CRITICAL - 2022-10-21 04:24:04 --> Trying to access array offset on value of type null
in APPPATH\Views\computer\index.php on line 25.
 1 APPPATH\Views\computer\index.php(25): CodeIgniter\Debug\Exceptions->errorHandler(8, 'Trying to access array offset on value of type null', 'APPPATH\\Views\\computer\\index.php', 25, [...])
 2 SYSTEMPATH\View\View.php(213): include('APPPATH\\Views\\computer\\index.php')
 3 SYSTEMPATH\View\View.php(216): CodeIgniter\View\View->CodeIgniter\View\{closure}()
 4 SYSTEMPATH\Common.php(1142): CodeIgniter\View\View->render('computer/index', [], true)
 5 APPPATH\Controllers\Computer.php(16): view('computer/index', [...])
 6 SYSTEMPATH\CodeIgniter.php(902): App\Controllers\Computer->index()
 7 SYSTEMPATH\CodeIgniter.php(457): CodeIgniter\CodeIgniter->runController(Object(App\Controllers\Computer))
 8 SYSTEMPATH\CodeIgniter.php(340): CodeIgniter\CodeIgniter->handleRequest(null, Object(Config\Cache), false)
 9 FCPATH\index.php(67): CodeIgniter\CodeIgniter->run()
10 SYSTEMPATH\Commands\Server\rewrite.php(46): require_once('FCPATH\\index.php')
CRITICAL - 2022-10-21 04:24:31 --> Argument 1 passed to CodeIgniter\BaseModel::findAll() must be of the type int, string given, called in C:\xampp\htdocs\inventoryit\app\Controllers\Computer.php on line 13
in SYSTEMPATH\BaseModel.php on line 567.
 1 APPPATH\Controllers\Computer.php(13): CodeIgniter\BaseModel->findAll('jenis', 'Laptop')
 2 SYSTEMPATH\CodeIgniter.php(902): App\Controllers\Computer->index()
 3 SYSTEMPATH\CodeIgniter.php(457): CodeIgniter\CodeIgniter->runController(Object(App\Controllers\Computer))
 4 SYSTEMPATH\CodeIgniter.php(340): CodeIgniter\CodeIgniter->handleRequest(null, Object(Config\Cache), false)
 5 FCPATH\index.php(67): CodeIgniter\CodeIgniter->run()
 6 SYSTEMPATH\Commands\Server\rewrite.php(46): require_once('FCPATH\\index.php')
CRITICAL - 2022-10-21 04:26:28 --> Cannot use object of type mysqli as array
in APPPATH\Views\computer\index.php on line 25.
 1 SYSTEMPATH\View\View.php(213): include()
 2 SYSTEMPATH\View\View.php(216): CodeIgniter\View\View->CodeIgniter\View\{closure}()
 3 SYSTEMPATH\Common.php(1142): CodeIgniter\View\View->render('computer/index', [], true)
 4 APPPATH\Controllers\Computer.php(16): view('computer/index', [...])
 5 SYSTEMPATH\CodeIgniter.php(902): App\Controllers\Computer->index()
 6 SYSTEMPATH\CodeIgniter.php(457): CodeIgniter\CodeIgniter->runController(Object(App\Controllers\Computer))
 7 SYSTEMPATH\CodeIgniter.php(340): CodeIgniter\CodeIgniter->handleRequest(null, Object(Config\Cache), false)
 8 FCPATH\index.php(67): CodeIgniter\CodeIgniter->run()
 9 SYSTEMPATH\Commands\Server\rewrite.php(46): require_once('FCPATH\\index.php')
CRITICAL - 2022-10-21 04:26:52 --> Undefined property: mysqli::$asset_number
in APPPATH\Views\computer\index.php on line 25.
 1 APPPATH\Views\computer\index.php(25): CodeIgniter\Debug\Exceptions->errorHandler(8, 'Undefined property: mysqli::$asset_number', 'APPPATH\\Views\\computer\\index.php', 25, [...])
 2 SYSTEMPATH\View\View.php(213): include('APPPATH\\Views\\computer\\index.php')
 3 SYSTEMPATH\View\View.php(216): CodeIgniter\View\View->CodeIgniter\View\{closure}()
 4 SYSTEMPATH\Common.php(1142): CodeIgniter\View\View->render('computer/index', [], true)
 5 APPPATH\Controllers\Computer.php(16): view('computer/index', [...])
 6 SYSTEMPATH\CodeIgniter.php(902): App\Controllers\Computer->index()
 7 SYSTEMPATH\CodeIgniter.php(457): CodeIgniter\CodeIgniter->runController(Object(App\Controllers\Computer))
 8 SYSTEMPATH\CodeIgniter.php(340): CodeIgniter\CodeIgniter->handleRequest(null, Object(Config\Cache), false)
 9 FCPATH\index.php(67): CodeIgniter\CodeIgniter->run()
10 SYSTEMPATH\Commands\Server\rewrite.php(46): require_once('FCPATH\\index.php')
CRITICAL - 2022-10-21 04:27:09 --> Function name must be a string
in APPPATH\Views\computer\index.php on line 25.
 1 SYSTEMPATH\View\View.php(213): include()
 2 SYSTEMPATH\View\View.php(216): CodeIgniter\View\View->CodeIgniter\View\{closure}()
 3 SYSTEMPATH\Common.php(1142): CodeIgniter\View\View->render('computer/index', [], true)
 4 APPPATH\Controllers\Computer.php(16): view('computer/index', [...])
 5 SYSTEMPATH\CodeIgniter.php(902): App\Controllers\Computer->index()
 6 SYSTEMPATH\CodeIgniter.php(457): CodeIgniter\CodeIgniter->runController(Object(App\Controllers\Computer))
 7 SYSTEMPATH\CodeIgniter.php(340): CodeIgniter\CodeIgniter->handleRequest(null, Object(Config\Cache), false)
 8 FCPATH\index.php(67): CodeIgniter\CodeIgniter->run()
 9 SYSTEMPATH\Commands\Server\rewrite.php(46): require_once('FCPATH\\index.php')
CRITICAL - 2022-10-21 04:30:15 --> Invalid argument supplied for foreach()
in APPPATH\Views\computer\index.php on line 22.
 1 APPPATH\Views\computer\index.php(22): CodeIgniter\Debug\Exceptions->errorHandler(2, 'Invalid argument supplied for foreach()', 'APPPATH\\Views\\computer\\index.php', 22, [...])
 2 SYSTEMPATH\View\View.php(213): include('APPPATH\\Views\\computer\\index.php')
 3 SYSTEMPATH\View\View.php(216): CodeIgniter\View\View->CodeIgniter\View\{closure}()
 4 SYSTEMPATH\Common.php(1142): CodeIgniter\View\View->render('computer/index', [], true)
 5 APPPATH\Controllers\Computer.php(17): view('computer/index', [...])
 6 SYSTEMPATH\CodeIgniter.php(902): App\Controllers\Computer->index()
 7 SYSTEMPATH\CodeIgniter.php(457): CodeIgniter\CodeIgniter->runController(Object(App\Controllers\Computer))
 8 SYSTEMPATH\CodeIgniter.php(340): CodeIgniter\CodeIgniter->handleRequest(null, Object(Config\Cache), false)
 9 FCPATH\index.php(67): CodeIgniter\CodeIgniter->run()
10 SYSTEMPATH\Commands\Server\rewrite.php(46): require_once('FCPATH\\index.php')
CRITICAL - 2022-10-21 04:30:31 --> Invalid argument supplied for foreach()
in APPPATH\Views\computer\index.php on line 22.
 1 APPPATH\Views\computer\index.php(22): CodeIgniter\Debug\Exceptions->errorHandler(2, 'Invalid argument supplied for foreach()', 'APPPATH\\Views\\computer\\index.php', 22, [...])
 2 SYSTEMPATH\View\View.php(213): include('APPPATH\\Views\\computer\\index.php')
 3 SYSTEMPATH\View\View.php(216): CodeIgniter\View\View->CodeIgniter\View\{closure}()
 4 SYSTEMPATH\Common.php(1142): CodeIgniter\View\View->render('computer/index', [], true)
 5 APPPATH\Controllers\Computer.php(17): view('computer/index', [...])
 6 SYSTEMPATH\CodeIgniter.php(902): App\Controllers\Computer->index()
 7 SYSTEMPATH\CodeIgniter.php(457): CodeIgniter\CodeIgniter->runController(Object(App\Controllers\Computer))
 8 SYSTEMPATH\CodeIgniter.php(340): CodeIgniter\CodeIgniter->handleRequest(null, Object(Config\Cache), false)
 9 FCPATH\index.php(67): CodeIgniter\CodeIgniter->run()
10 SYSTEMPATH\Commands\Server\rewrite.php(46): require_once('FCPATH\\index.php')
CRITICAL - 2022-10-21 04:33:48 --> Call to undefined method App\Models\assetsModel::andWhere
in SYSTEMPATH\Model.php on line 774.
 1 APPPATH\Controllers\Computer.php(13): CodeIgniter\Model->__call('andWhere', [...])
 2 SYSTEMPATH\CodeIgniter.php(902): App\Controllers\Computer->index()
 3 SYSTEMPATH\CodeIgniter.php(457): CodeIgniter\CodeIgniter->runController(Object(App\Controllers\Computer))
 4 SYSTEMPATH\CodeIgniter.php(340): CodeIgniter\CodeIgniter->handleRequest(null, Object(Config\Cache), false)
 5 FCPATH\index.php(67): CodeIgniter\CodeIgniter->run()
 6 SYSTEMPATH\Commands\Server\rewrite.php(46): require_once('FCPATH\\index.php')
CRITICAL - 2022-10-21 04:37:32 --> Call to undefined method App\Models\assetsModel::count
in SYSTEMPATH\Model.php on line 774.
 1 APPPATH\Controllers\Home.php(10): CodeIgniter\Model->__call('count', [])
 2 SYSTEMPATH\CodeIgniter.php(902): App\Controllers\Home->index()
 3 SYSTEMPATH\CodeIgniter.php(457): CodeIgniter\CodeIgniter->runController(Object(App\Controllers\Home))
 4 SYSTEMPATH\CodeIgniter.php(340): CodeIgniter\CodeIgniter->handleRequest(null, Object(Config\Cache), false)
 5 FCPATH\index.php(67): CodeIgniter\CodeIgniter->run()
 6 SYSTEMPATH\Commands\Server\rewrite.php(46): require_once('FCPATH\\index.php')
